[0227/154240.516:ERROR:process_reader_win.cc(123)] NtOpenThread: {Access Denied} A process has requested access to an object, but has not been granted those access rights. (0xc0000022)
[0227/154240.518:ERROR:exception_snapshot_win.cc(98)] thread ID 129952 not found in process
[0227/154240.534:ERROR:process_reader_win.cc(123)] NtOpenThread: {Access Denied} A process has requested access to an object, but has not been granted those access rights. (0xc0000022)
[0227/154240.534:ERROR:exception_snapshot_win.cc(98)] thread ID 95720 not found in process
[0227/154621.901:ERROR:process_reader_win.cc(123)] NtOpenThread: {Access Denied} A process has requested access to an object, but has not been granted those access rights. (0xc0000022)
[0227/154621.901:ERROR:process_reader_win.cc(123)] NtOpenThread: {Access Denied} A process has requested access to an object, but has not been granted those access rights. (0xc0000022)
[0227/154621.903:ERROR:exception_snapshot_win.cc(98)] thread ID 110920 not found in process
[0227/154621.903:ERROR:exception_snapshot_win.cc(98)] thread ID 130184 not found in process
[0227/154621.923:ERROR:process_reader_win.cc(123)] NtOpenThread: {Access Denied} A process has requested access to an object, but has not been granted those access rights. (0xc0000022)
[0227/154621.924:ERROR:exception_snapshot_win.cc(98)] thread ID 63968 not found in process
[0227/154622.056:ERROR:process_memory_win.cc(73)] ReadMemory at 0x7ff72f720000 of 64 bytes failed: Only part of a ReadProcessMemory or WriteProcessMemory request was completed. (0x12B)
[0227/154622.057:WARNING:pe_image_reader.cc(340)] could not read dos header from C:\Program Files (x86)\Google\Chrome\Application\chrome.exe
[0227/154622.057:ERROR:process_memory_win.cc(73)] ReadMemory at 0x7ffe232a0000 of 64 bytes failed: Only part of a ReadProcessMemory or WriteProcessMemory request was completed. (0x12B)
[0227/154622.057:WARNING:pe_image_reader.cc(340)] could not read dos header from C:\WINDOWS\SYSTEM32\ntdll.dll
[0227/154622.057:ERROR:process_memory_win.cc(73)] ReadMemory at 0x7ffe22e80000 of 64 bytes failed: Only part of a ReadProcessMemory or WriteProcessMemory request was completed. (0x12B)
[0227/154622.057:WARNING:pe_image_reader.cc(340)] could not read dos header from C:\WINDOWS\System32\KERNEL32.DLL
[0227/154622.057:ERROR:process_memory_win.cc(73)] ReadMemory at 0x7ffe210a0000 of 64 bytes failed: Only part of a ReadProcessMemory or WriteProcessMemory request was completed. (0x12B)
[0227/154622.057:WARNING:pe_image_reader.cc(340)] could not read dos header from C:\WINDOWS\System32\KERNELBASE.dll
[0227/154622.057:ERROR:process_memory_win.cc(73)] ReadMemory at 0x7ffe097d0000 of 64 bytes failed: Only part of a ReadProcessMemory or WriteProcessMemory request was completed. (0x12B)
[0227/154622.057:WARNING:pe_image_reader.cc(340)] could not read dos header from C:\Program Files (x86)\Google\Chrome\Application\80.0.3987.122\chrome_elf.dll
[0227/154622.057:ERROR:process_memory_win.cc(73)] ReadMemory at 0x7ffe101e0000 of 64 bytes failed: Only part of a ReadProcessMemory or WriteProcessMemory request was completed. (0x12B)
[0227/154622.057:WARNING:pe_image_reader.cc(340)] could not read dos header from C:\WINDOWS\SYSTEM32\VERSION.dll
[0227/154622.057:ERROR:process_memory_win.cc(73)] ReadMemory at 0x7ffe215b0000 of 64 bytes failed: Only part of a ReadProcessMemory or WriteProcessMemory request was completed. (0x12B)
[0227/154622.057:WARNING:pe_image_reader.cc(340)] could not read dos header from C:\WINDOWS\System32\msvcrt.dll
[0227/154622.057:ERROR:process_memory_win.cc(73)] ReadMemory at 0x7ffe20520000 of 64 bytes failed: Only part of a ReadProcessMemory or WriteProcessMemory request was completed. (0x12B)
[0227/154622.057:WARNING:pe_image_reader.cc(340)] could not read dos header from C:\WINDOWS\System32\bcryptPrimitives.dll
[0227/154622.057:ERROR:process_memory_win.cc(73)] ReadMemory at 0x7ffe21c90000 of 64 bytes failed: Only part of a ReadProcessMemory or WriteProcessMemory request was completed. (0x12B)
[0227/154622.057:WARNING:pe_image_reader.cc(340)] could not read dos header from C:\WINDOWS\System32\ADVAPI32.dll
[0227/154622.057:ERROR:process_memory_win.cc(73)] ReadMemory at 0x7ffe231c0000 of 64 bytes failed: Only part of a ReadProcessMemory or WriteProcessMemory request was completed. (0x12B)
[0227/154622.057:WARNING:pe_image_reader.cc(340)] could not read dos header from C:\WINDOWS\System32\sechost.dll
[0227/154622.057:ERROR:process_memory_win.cc(73)] ReadMemory at 0x7ffe21b70000 of 64 bytes failed: Only part of a ReadProcessMemory or WriteProcessMemory request was completed. (0x12B)
[0227/154622.057:WARNING:pe_image_reader.cc(340)] could not read dos header from C:\WINDOWS\System32\RPCRT4.dll
[0227/154622.057:ERROR:process_memory_win.cc(73)] ReadMemory at 0x7ffe213b0000 of 64 bytes failed: Only part of a ReadProcessMemory or WriteProcessMemory request was completed. (0x12B)
[0227/154622.057:WARNING:pe_image_reader.cc(340)] could not read dos header from C:\WINDOWS\System32\user32.dll
[0227/154622.057:ERROR:process_memory_win.cc(73)] ReadMemory at 0x7ffe21040000 of 64 bytes failed: Only part of a ReadProcessMemory or WriteProcessMemory request was completed. (0x12B)
[0227/154622.057:WARNING:pe_image_reader.cc(340)] could not read dos header from C:\WINDOWS\System32\win32u.dll
[0227/154622.057:ERROR:process_memory_win.cc(73)] ReadMemory at 0x7ffe22e50000 of 64 bytes failed: Only part of a ReadProcessMemory or WriteProcessMemory request was completed. (0x12B)
[0227/154622.057:WARNING:pe_image_reader.cc(340)] could not read dos header from C:\WINDOWS\System32\GDI32.dll
[0227/154622.057:ERROR:process_memory_win.cc(73)] ReadMemory at 0x7ffe20230000 of 64 bytes failed: Only part of a ReadProcessMemory or WriteProcessMemory request was completed. (0x12B)
[0227/154622.057:WARNING:pe_image_reader.cc(340)] could not read dos header from C:\WINDOWS\System32\gdi32full.dll
[0227/154622.057:ERROR:process_memory_win.cc(73)] ReadMemory at 0x7ffe20e30000 of 64 bytes failed: Only part of a ReadProcessMemory or WriteProcessMemory request was completed. (0x12B)
[0227/154622.057:WARNING:pe_image_reader.cc(340)] could not read dos header from C:\WINDOWS\System32\msvcp_win.dll
[0227/154622.057:ERROR:process_memory_win.cc(73)] ReadMemory at 0x7ffe20420000 of 64 bytes failed: Only part of a ReadProcessMemory or WriteProcessMemory request was completed. (0x12B)
[0227/154622.057:WARNING:pe_image_reader.cc(340)] could not read dos header from C:\WINDOWS\System32\ucrtbase.dll
[0227/154622.058:ERROR:process_memory_win.cc(73)] ReadMemory at 0x7ffe21b30000 of 64 bytes failed: Only part of a ReadProcessMemory or WriteProcessMemory request was completed. (0x12B)
[0227/154622.058:WARNING:pe_image_reader.cc(340)] could not read dos header from C:\WINDOWS\System32\IMM32.DLL
[0227/154622.058:ERROR:process_memory_win.cc(73)] ReadMemory at 0x7ffde3c40000 of 64 bytes failed: Only part of a ReadProcessMemory or WriteProcessMemory request was completed. (0x12B)
[0227/154622.058:WARNING:pe_image_reader.cc(340)] could not read dos header from C:\Program Files (x86)\Google\Chrome\Application\80.0.3987.122\chrome.dll
[0227/154622.058:ERROR:process_memory_win.cc(73)] ReadMemory at 0x7ffe22040000 of 64 bytes failed: Only part of a ReadProcessMemory or WriteProcessMemory request was completed. (0x12B)
[0227/154622.058:WARNING:pe_image_reader.cc(340)] could not read dos header from C:\WINDOWS\System32\WS2_32.dll
[0227/154622.058:ERROR:process_memory_win.cc(73)] ReadMemory at 0x7ffe21d40000 of 64 bytes failed: Only part of a ReadProcessMemory or WriteProcessMemory request was completed. (0x12B)
[0227/154622.058:WARNING:pe_image_reader.cc(340)] could not read dos header from C:\WINDOWS\System32\OLEAUT32.dll
[0227/154622.058:ERROR:process_memory_win.cc(73)] ReadMemory at 0x7ffe223a0000 of 64 bytes failed: Only part of a ReadProcessMemory or WriteProcessMemory request was completed. (0x12B)
[0227/154622.058:WARNING:pe_image_reader.cc(340)] could not read dos header from C:\WINDOWS\System32\combase.dll
[0227/154622.058:ERROR:process_memory_win.cc(73)] ReadMemory at 0x7ffe20d20000 of 64 bytes failed: Only part of a ReadProcessMemory or WriteProcessMemory request was completed. (0x12B)
[0227/154622.058:WARNING:pe_image_reader.cc(340)] could not read dos header from C:\WINDOWS\System32\WINTRUST.dll
[0227/154622.058:ERROR:process_memory_win.cc(73)] ReadMemory at 0x7ffe20180000 of 64 bytes failed: Only part of a ReadProcessMemory or WriteProcessMemory request was completed. (0x12B)
[0227/154622.058:WARNING:pe_image_reader.cc(340)] could not read dos header from C:\WINDOWS\System32\MSASN1.dll
[0227/154622.058:ERROR:process_memory_win.cc(73)] ReadMemory at 0x7ffe20ed0000 of 64 bytes failed: Only part of a ReadProcessMemory or WriteProcessMemory request was completed. (0x12B)
[0227/154622.058:WARNING:pe_image_reader.cc(340)] could not read dos header from C:\WINDOWS\System32\CRYPT32.dll
[0227/154622.058:ERROR:process_memory_win.cc(73)] ReadMemory at 0x7ffe1f6f0000 of 64 bytes failed: Only part of a ReadProcessMemory or WriteProcessMemory request was completed. (0x12B)
[0227/154622.058:WARNING:pe_image_reader.cc(340)] could not read dos header from C:\WINDOWS\SYSTEM32\IPHLPAPI.DLL
[0227/154622.058:ERROR:process_memory_win.cc(73)] ReadMemory at 0x7ffe1c800000 of 64 bytes failed: Only part of a ReadProcessMemory or WriteProcessMemory request was completed. (0x12B)
[0227/154622.058:WARNING:pe_image_reader.cc(340)] could not read dos header from C:\WINDOWS\SYSTEM32\WINMM.dll
[0227/154622.058:ERROR:process_memory_win.cc(73)] ReadMemory at 0x7ffe13c00000 of 64 bytes failed: Only part of a ReadProcessMemory or WriteProcessMemory request was completed. (0x12B)
[0227/154622.058:WARNING:pe_image_reader.cc(340)] could not read dos header from C:\WINDOWS\SYSTEM32\Secur32.dll
[0227/154622.058:ERROR:process_memory_win.cc(73)] ReadMemory at 0x7ffe20090000 of 64 bytes failed: Only part of a ReadProcessMemory or WriteProcessMemory request was completed. (0x12B)
[0227/154622.058:WARNING:pe_image_reader.cc(340)] could not read dos header from C:\WINDOWS\SYSTEM32\USERENV.dll
[0227/154622.058:ERROR:process_memory_win.cc(73)] ReadMemory at 0x7ffe201c0000 of 64 bytes failed: Only part of a ReadProcessMemory or WriteProcessMemory request was completed. (0x12B)
[0227/154622.058:WARNING:pe_image_reader.cc(340)] could not read dos header from C:\WINDOWS\System32\profapi.dll
[0227/154622.058:ERROR:process_memory_win.cc(73)] ReadMemory at 0x7ffdfce20000 of 64 bytes failed: Only part of a ReadProcessMemory or WriteProcessMemory request was completed. (0x12B)
[0227/154622.058:WARNING:pe_image_reader.cc(340)] could not read dos header from C:\WINDOWS\SYSTEM32\UIAutomationCore.DLL
[0227/154622.058:ERROR:process_memory_win.cc(73)] ReadMemory at 0x7ffe1e1b0000 of 64 bytes failed: Only part of a ReadProcessMemory or WriteProcessMemory request was completed. (0x12B)
[0227/154622.058:WARNING:pe_image_reader.cc(340)] could not read dos header from C:\WINDOWS\SYSTEM32\DWrite.dll
[0227/154622.058:ERROR:process_memory_win.cc(73)] ReadMemory at 0x7ffe08930000 of 64 bytes failed: Only part of a ReadProcessMemory or WriteProcessMemory request was completed. (0x12B)
[0227/154622.058:WARNING:pe_image_reader.cc(340)] could not read dos header from C:\WINDOWS\SYSTEM32\WINSPOOL.DRV
[0227/154622.058:ERROR:process_memory_win.cc(73)] ReadMemory at 0x7ffe201a0000 of 64 bytes failed: Only part of a ReadProcessMemory or WriteProcessMemory request was completed. (0x12B)
[0227/154622.058:WARNING:pe_image_reader.cc(340)] could not read dos header from C:\WINDOWS\System32\kernel.appcore.dll
[0227/154622.058:ERROR:process_memory_win.cc(73)] ReadMemory at 0x7ffe21070000 of 64 bytes failed: Only part of a ReadProcessMemory or WriteProcessMemory request was completed. (0x12B)
[0227/154622.058:WARNING:pe_image_reader.cc(340)] could not read dos header from C:\WINDOWS\System32\bcrypt.dll
[0227/154622.058:ERROR:process_memory_win.cc(73)] ReadMemory at 0x7ffe1eb60000 of 64 bytes failed: Only part of a ReadProcessMemory or WriteProcessMemory request was completed. (0x12B)
[0227/154622.058:WARNING:pe_image_reader.cc(340)] could not read dos header from C:\WINDOWS\SYSTEM32\dbghelp.dll
[0227/154622.058:ERROR:process_memory_win.cc(73)] ReadMemory at 0x7ffe11a60000 of 64 bytes failed: Only part of a ReadProcessMemory or WriteProcessMemory request was completed. (0x12B)
[0227/154622.058:WARNING:pe_image_reader.cc(340)] could not read dos header from C:\WINDOWS\SYSTEM32\WINHTTP.dll
[0227/154622.058:ERROR:process_memory_win.cc(73)] ReadMemory at 0x7ffe14550000 of 64 bytes failed: Only part of a ReadProcessMemory or WriteProcessMemory request was completed. (0x12B)
[0227/154622.059:WARNING:pe_image_reader.cc(340)] could not read dos header from C:\WINDOWS\SYSTEM32\dhcpcsvc.DLL
[0227/154622.059:ERROR:process_memory_win.cc(73)] ReadMemory at 0x7ffe21b60000 of 64 bytes failed: Only part of a ReadProcessMemory or WriteProcessMemory request was completed. (0x12B)
[0227/154622.059:WARNING:pe_image_reader.cc(340)] could not read dos header from C:\WINDOWS\System32\NSI.dll
[0227/154622.059:ERROR:process_memory_win.cc(73)] ReadMemory at 0x7ffe1c7d0000 of 64 bytes failed: Only part of a ReadProcessMemory or WriteProcessMemory request was completed. (0x12B)
[0227/154622.059:WARNING:pe_image_reader.cc(340)] could not read dos header from C:\WINDOWS\SYSTEM32\WINMMBASE.dll
[0227/154622.059:ERROR:process_memory_win.cc(73)] ReadMemory at 0x7ffe203d0000 of 64 bytes failed: Only part of a ReadProcessMemory or WriteProcessMemory request was completed. (0x12B)
[0227/154622.059:WARNING:pe_image_reader.cc(340)] could not read dos header from C:\WINDOWS\System32\cfgmgr32.dll
[0227/154622.059:ERROR:process_memory_win.cc(73)] ReadMemory at 0x7ffe1b860000 of 64 bytes failed: Only part of a ReadProcessMemory or WriteProcessMemory request was completed. (0x12B)
[0227/154622.059:WARNING:pe_image_reader.cc(340)] could not read dos header from C:\WINDOWS\SYSTEM32\PROPSYS.dll
[0227/154622.059:ERROR:process_memory_win.cc(73)] ReadMemory at 0x20cdfb60000 of 64 bytes failed: Only part of a ReadProcessMemory or WriteProcessMemory request was completed. (0x12B)
[0227/154622.059:WARNING:pe_image_reader.cc(340)] could not read dos header from C:\WINDOWS\System32\shcore.dll
[0227/154622.059:ERROR:process_memory_win.cc(73)] ReadMemory at 0x7ffe20060000 of 64 bytes failed: Only part of a ReadProcessMemory or WriteProcessMemory request was completed. (0x12B)
[0227/154622.059:WARNING:pe_image_reader.cc(340)] could not read dos header from C:\WINDOWS\SYSTEM32\SSPICLI.DLL
[0227/154622.059:ERROR:process_memory_win.cc(73)] ReadMemory at 0x7ffe22760000 of 64 bytes failed: Only part of a ReadProcessMemory or WriteProcessMemory request was completed. (0x12B)
[0227/154622.059:WARNING:pe_image_reader.cc(340)] could not read dos header from C:\WINDOWS\System32\SHELL32.dll
[0227/154622.059:ERROR:process_memory_win.cc(73)] ReadMemory at 0x7ffe205a0000 of 64 bytes failed: Only part of a ReadProcessMemory or WriteProcessMemory request was completed. (0x12B)
[0227/154622.059:WARNING:pe_image_reader.cc(340)] could not read dos header from C:\WINDOWS\System32\windows.storage.dll
[0227/154622.059:ERROR:process_memory_win.cc(73)] ReadMemory at 0x7ffe201e0000 of 64 bytes failed: Only part of a ReadProcessMemory or WriteProcessMemory request was completed. (0x12B)
[0227/154622.059:WARNING:pe_image_reader.cc(340)] could not read dos header from C:\WINDOWS\System32\powrprof.dll
[0227/154622.059:ERROR:process_memory_win.cc(73)] ReadMemory at 0x7ffe20170000 of 64 bytes failed: Only part of a ReadProcessMemory or WriteProcessMemory request was completed. (0x12B)
[0227/154622.059:WARNING:pe_image_reader.cc(340)] could not read dos header from C:\WINDOWS\System32\UMPDC.dll
[0227/154622.059:ERROR:process_memory_win.cc(73)] ReadMemory at 0x7ffe21350000 of 64 bytes failed: Only part of a ReadProcessMemory or WriteProcessMemory request was completed. (0x12B)
[0227/154622.059:WARNING:pe_image_reader.cc(340)] could not read dos header from C:\WINDOWS\System32\shlwapi.dll
[0227/154622.059:ERROR:process_memory_win.cc(73)] ReadMemory at 0x7ffe21020000 of 64 bytes failed: Only part of a ReadProcessMemory or WriteProcessMemory request was completed. (0x12B)
[0227/154622.059:WARNING:pe_image_reader.cc(340)] could not read dos header from C:\WINDOWS\System32\cryptsp.dll
[0227/154622.059:ERROR:process_memory_win.cc(73)] ReadMemory at 0x7ffe1fbb0000 of 64 bytes failed: Only part of a ReadProcessMemory or WriteProcessMemory request was completed. (0x12B)
[0227/154622.059:WARNING:pe_image_reader.cc(340)] could not read dos header from C:\WINDOWS\SYSTEM32\CRYPTBASE.DLL
[0227/154622.059:ERROR:process_memory_win.cc(73)] ReadMemory at 0x7ffe22190000 of 64 bytes failed: Only part of a ReadProcessMemory or WriteProcessMemory request was completed. (0x12B)
[0227/154622.059:WARNING:pe_image_reader.cc(340)] could not read dos header from C:\WINDOWS\System32\ole32.dll
[0227/154622.059:ERROR:process_memory_win.cc(73)] ReadMemory at 0x7ffe1f000000 of 64 bytes failed: Only part of a ReadProcessMemory or WriteProcessMemory request was completed. (0x12B)
[0227/154622.059:WARNING:pe_image_reader.cc(340)] could not read dos header from C:\WINDOWS\SYSTEM32\dxgi.dll
[0227/154622.059:ERROR:process_memory_win.cc(73)] ReadMemory at 0x7ffe1ed60000 of 64 bytes failed: Only part of a ReadProcessMemory or WriteProcessMemory request was completed. (0x12B)
[0227/154622.059:WARNING:pe_image_reader.cc(340)] could not read dos header from C:\WINDOWS\SYSTEM32\dxcore.dll
[0227/154622.059:ERROR:process_memory_win.cc(73)] ReadMemory at 0x7ffdf26e0000 of 64 bytes failed: Only part of a ReadProcessMemory or WriteProcessMemory request was completed. (0x12B)
[0227/154622.059:WARNING:pe_image_reader.cc(340)] could not read dos header from C:\WINDOWS\SYSTEM32\mf.dll
[0227/154622.059:ERROR:process_memory_win.cc(73)] ReadMemory at 0x7ffdf5b50000 of 64 bytes failed: Only part of a ReadProcessMemory or WriteProcessMemory request was completed. (0x12B)
[0227/154622.059:WARNING:pe_image_reader.cc(340)] could not read dos header from C:\WINDOWS\SYSTEM32\mfplat.dll
[0227/154622.059:ERROR:process_memory_win.cc(73)] ReadMemory at 0x7ffdf95c0000 of 64 bytes failed: Only part of a ReadProcessMemory or WriteProcessMemory request was completed. (0x12B)
[0227/154622.059:WARNING:pe_image_reader.cc(340)] could not read dos header from C:\WINDOWS\SYSTEM32\RTWorkQ.DLL
[0227/154622.059:ERROR:process_memory_win.cc(73)] ReadMemory at 0x7ffde39c0000 of 64 bytes failed: Only part of a ReadProcessMemory or WriteProcessMemory request was completed. (0x12B)
[0227/154622.059:WARNING:pe_image_reader.cc(340)] could not read dos header from C:\WINDOWS\SYSTEM32\msmpeg2vdec.dll
[0227/154622.059:ERROR:process_memory_win.cc(73)] ReadMemory at 0x7ffdeb990000 of 64 bytes failed: Only part of a ReadProcessMemory or WriteProcessMemory request was completed. (0x12B)
[0227/154622.059:WARNING:pe_image_reader.cc(340)] could not read dos header from C:\WINDOWS\SYSTEM32\mfperfhelper.dll
[0227/154622.059:ERROR:process_memory_win.cc(73)] ReadMemory at 0x7ffdf2880000 of 64 bytes failed: Only part of a ReadProcessMemory or WriteProcessMemory request was completed. (0x12B)
[0227/154622.059:WARNING:pe_image_reader.cc(340)] could not read dos header from C:\WINDOWS\SYSTEM32\dxva2.dll
[0227/154622.059:ERROR:process_memory_win.cc(73)] ReadMemory at 0x7ffde3840000 of 64 bytes failed: Only part of a ReadProcessMemory or WriteProcessMemory request was completed. (0x12B)
[0227/154622.060:WARNING:pe_image_reader.cc(340)] could not read dos header from C:\WINDOWS\SYSTEM32\msvproc.dll
[0227/154622.060:ERROR:process_memory_win.cc(73)] ReadMemory at 0x7ffe10ef0000 of 64 bytes failed: Only part of a ReadProcessMemory or WriteProcessMemory request was completed. (0x12B)
[0227/154622.060:WARNING:pe_image_reader.cc(340)] could not read dos header from C:\WINDOWS\SYSTEM32\CompPkgSup.DLL
[0227/154622.060:ERROR:process_memory_win.cc(73)] ReadMemory at 0x7ffe1c900000 of 64 bytes failed: Only part of a ReadProcessMemory or WriteProcessMemory request was completed. (0x12B)
[0227/154622.060:WARNING:pe_image_reader.cc(340)] could not read dos header from C:\WINDOWS\SYSTEM32\D3DCompiler_47.dll
[0227/154622.060:ERROR:process_memory_win.cc(73)] ReadMemory at 0x7ffddf040000 of 64 bytes failed: Only part of a ReadProcessMemory or WriteProcessMemory request was completed. (0x12B)
[0227/154622.060:WARNING:pe_image_reader.cc(340)] could not read dos header from C:\Program Files (x86)\Google\Chrome\Application\80.0.3987.122\libglesv2.dll
[0227/154622.060:ERROR:process_memory_win.cc(73)] ReadMemory at 0x7ffe216c0000 of 64 bytes failed: Only part of a ReadProcessMemory or WriteProcessMemory request was completed. (0x12B)
[0227/154622.060:WARNING:pe_image_reader.cc(340)] could not read dos header from C:\WINDOWS\System32\SETUPAPI.dll
[0227/154622.060:ERROR:process_memory_win.cc(73)] ReadMemory at 0x7ffe109a0000 of 64 bytes failed: Only part of a ReadProcessMemory or WriteProcessMemory request was completed. (0x12B)
[0227/154622.060:WARNING:pe_image_reader.cc(340)] could not read dos header from C:\Program Files (x86)\Google\Chrome\Application\80.0.3987.122\libegl.dll
[0227/154622.060:ERROR:process_memory_win.cc(73)] ReadMemory at 0x7ffe1d720000 of 64 bytes failed: Only part of a ReadProcessMemory or WriteProcessMemory request was completed. (0x12B)
[0227/154622.060:WARNING:pe_image_reader.cc(340)] could not read dos header from C:\WINDOWS\SYSTEM32\dwmapi.dll
[0227/154622.060:ERROR:process_memory_win.cc(73)] ReadMemory at 0x7ffe1eda0000 of 64 bytes failed: Only part of a ReadProcessMemory or WriteProcessMemory request was completed. (0x12B)
[0227/154622.060:WARNING:pe_image_reader.cc(340)] could not read dos header from C:\WINDOWS\SYSTEM32\d3d11.dll
[0227/154622.060:ERROR:process_memory_win.cc(73)] ReadMemory at 0x7ffe1d0d0000 of 64 bytes failed: Only part of a ReadProcessMemory or WriteProcessMemory request was completed. (0x12B)
[0227/154622.060:WARNING:pe_image_reader.cc(340)] could not read dos header from C:\WINDOWS\SYSTEM32\dcomp.dll
[0227/154622.060:ERROR:process_memory_win.cc(73)] ReadMemory at 0x7ffe176a0000 of 64 bytes failed: Only part of a ReadProcessMemory or WriteProcessMemory request was completed. (0x12B)
[0227/154622.060:WARNING:pe_image_reader.cc(340)] could not read dos header from C:\WINDOWS\System32\DriverStore\FileRepository\igdlh64.inf_amd64_31e714e7a053f66d\igd10iumd64.dll
[0227/154622.060:ERROR:process_memory_win.cc(73)] ReadMemory at 0x7ffe1fcb0000 of 64 bytes failed: Only part of a ReadProcessMemory or WriteProcessMemory request was completed. (0x12B)
[0227/154622.060:WARNING:pe_image_reader.cc(340)] could not read dos header from C:\WINDOWS\SYSTEM32\ncrypt.dll
[0227/154622.060:ERROR:process_memory_win.cc(73)] ReadMemory at 0x7ffe1fc70000 of 64 bytes failed: Only part of a ReadProcessMemory or WriteProcessMemory request was completed. (0x12B)
[0227/154622.060:WARNING:pe_image_reader.cc(340)] could not read dos header from C:\WINDOWS\SYSTEM32\NTASN1.dll
[0227/154622.060:ERROR:process_memory_win.cc(73)] ReadMemory at 0x7ffe15700000 of 64 bytes failed: Only part of a ReadProcessMemory or WriteProcessMemory request was completed. (0x12B)
[0227/154622.060:WARNING:pe_image_reader.cc(340)] could not read dos header from C:\WINDOWS\System32\DriverStore\FileRepository\igdlh64.inf_amd64_31e714e7a053f66d\igc64.dll
[0227/154622.060:ERROR:process_memory_win.cc(73)] ReadMemory at 0x7ffe222f0000 of 64 bytes failed: Only part of a ReadProcessMemory or WriteProcessMemory request was completed. (0x12B)
[0227/154622.060:WARNING:pe_image_reader.cc(340)] could not read dos header from C:\WINDOWS\System32\clbcatq.dll
[0227/154622.060:ERROR:process_memory_win.cc(73)] ReadMemory at 0x7ffe1b690000 of 64 bytes failed: Only part of a ReadProcessMemory or WriteProcessMemory request was completed. (0x12B)
[0227/154622.060:WARNING:pe_image_reader.cc(340)] could not read dos header from C:\Windows\System32\WinTypes.dll
[0227/154622.060:ERROR:process_memory_win.cc(73)] ReadMemory at 0x7ffdbcde0000 of 64 bytes failed: Only part of a ReadProcessMemory or WriteProcessMemory request was completed. (0x12B)
[0227/154622.060:WARNING:pe_image_reader.cc(340)] could not read dos header from C:\WINDOWS\System32\DriverStore\FileRepository\igdlh64.inf_amd64_31e714e7a053f66d\igd11dxva64.dll
[0227/154622.060:ERROR:process_memory_win.cc(73)] ReadMemory at 0x7ffe10760000 of 64 bytes failed: Only part of a ReadProcessMemory or WriteProcessMemory request was completed. (0x12B)
[0227/154622.060:WARNING:pe_image_reader.cc(340)] could not read dos header from C:\Windows\System32\mfh264enc.dll
[0227/154622.060:ERROR:process_memory_win.cc(73)] ReadMemory at 0x7ffde24b0000 of 64 bytes failed: Only part of a ReadProcessMemory or WriteProcessMemory request was completed. (0x12B)
[0227/154622.060:WARNING:pe_image_reader.cc(340)] could not read dos header from C:\Windows\System32\Windows.Media.dll
[0227/154622.060:ERROR:process_memory_win.cc(73)] ReadMemory at 0x7ffe1f1d0000 of 64 bytes failed: Only part of a ReadProcessMemory or WriteProcessMemory request was completed. (0x12B)
[0227/154622.060:WARNING:pe_image_reader.cc(340)] could not read dos header from C:\WINDOWS\SYSTEM32\ntmarta.dll
[0227/154622.060:ERROR:process_memory_win.cc(73)] ReadMemory at 0x7ffe1d2b0000 of 64 bytes failed: Only part of a ReadProcessMemory or WriteProcessMemory request was completed. (0x12B)
[0227/154622.060:WARNING:pe_image_reader.cc(340)] could not read dos header from C:\WINDOWS\SYSTEM32\coremessaging.dll
[0227/154622.060:ERROR:process_memory_win.cc(73)] ReadMemory at 0x7ff72f720000 of 64 bytes failed: Only part of a ReadProcessMemory or WriteProcessMemory request was completed. (0x12B)
[0227/154622.060:WARNING:pe_image_reader.cc(340)] could not read dos header from C:\Program Files (x86)\Google\Chrome\Application\chrome.exe
[0227/154622.060:ERROR:process_memory_win.cc(73)] ReadMemory at 0x7ffe232a0000 of 64 bytes failed: Only part of a ReadProcessMemory or WriteProcessMemory request was completed. (0x12B)
[0227/154622.060:WARNING:pe_image_reader.cc(340)] could not read dos header from C:\WINDOWS\SYSTEM32\ntdll.dll
[0227/154622.061:ERROR:process_memory_win.cc(73)] ReadMemory at 0x7ffe22e80000 of 64 bytes failed: Only part of a ReadProcessMemory or WriteProcessMemory request was completed. (0x12B)
[0227/154622.061:WARNING:pe_image_reader.cc(340)] could not read dos header from C:\WINDOWS\System32\KERNEL32.DLL
[0227/154622.061:ERROR:process_memory_win.cc(73)] ReadMemory at 0x7ffe210a0000 of 64 bytes failed: Only part of a ReadProcessMemory or WriteProcessMemory request was completed. (0x12B)
[0227/154622.061:WARNING:pe_image_reader.cc(340)] could not read dos header from C:\WINDOWS\System32\KERNELBASE.dll
[0227/154622.061:ERROR:process_memory_win.cc(73)] ReadMemory at 0x7ffe097d0000 of 64 bytes failed: Only part of a ReadProcessMemory or WriteProcessMemory request was completed. (0x12B)
[0227/154622.061:WARNING:pe_image_reader.cc(340)] could not read dos header from C:\Program Files (x86)\Google\Chrome\Application\80.0.3987.122\chrome_elf.dll
[0227/154622.061:ERROR:process_memory_win.cc(73)] ReadMemory at 0x7ffe101e0000 of 64 bytes failed: Only part of a ReadProcessMemory or WriteProcessMemory request was completed. (0x12B)
[0227/154622.061:WARNING:pe_image_reader.cc(340)] could not read dos header from C:\WINDOWS\SYSTEM32\VERSION.dll
[0227/154622.061:ERROR:process_memory_win.cc(73)] ReadMemory at 0x7ffe215b0000 of 64 bytes failed: Only part of a ReadProcessMemory or WriteProcessMemory request was completed. (0x12B)
[0227/154622.061:WARNING:pe_image_reader.cc(340)] could not read dos header from C:\WINDOWS\System32\msvcrt.dll
[0227/154622.061:ERROR:process_memory_win.cc(73)] ReadMemory at 0x7ffe20520000 of 64 bytes failed: Only part of a ReadProcessMemory or WriteProcessMemory request was completed. (0x12B)
[0227/154622.061:WARNING:pe_image_reader.cc(340)] could not read dos header from C:\WINDOWS\System32\bcryptPrimitives.dll
[0227/154622.061:ERROR:process_memory_win.cc(73)] ReadMemory at 0x7ffe21c90000 of 64 bytes failed: Only part of a ReadProcessMemory or WriteProcessMemory request was completed. (0x12B)
[0227/154622.061:WARNING:pe_image_reader.cc(340)] could not read dos header from C:\WINDOWS\System32\ADVAPI32.dll
[0227/154622.061:ERROR:process_memory_win.cc(73)] ReadMemory at 0x7ffe231c0000 of 64 bytes failed: Only part of a ReadProcessMemory or WriteProcessMemory request was completed. (0x12B)
[0227/154622.061:WARNING:pe_image_reader.cc(340)] could not read dos header from C:\WINDOWS\System32\sechost.dll
[0227/154622.061:ERROR:process_memory_win.cc(73)] ReadMemory at 0x7ffe21b70000 of 64 bytes failed: Only part of a ReadProcessMemory or WriteProcessMemory request was completed. (0x12B)
[0227/154622.061:WARNING:pe_image_reader.cc(340)] could not read dos header from C:\WINDOWS\System32\RPCRT4.dll
[0227/154622.061:ERROR:process_memory_win.cc(73)] ReadMemory at 0x7ffe213b0000 of 64 bytes failed: Only part of a ReadProcessMemory or WriteProcessMemory request was completed. (0x12B)
[0227/154622.061:WARNING:pe_image_reader.cc(340)] could not read dos header from C:\WINDOWS\System32\user32.dll
[0227/154622.061:ERROR:process_memory_win.cc(73)] ReadMemory at 0x7ffe21040000 of 64 bytes failed: Only part of a ReadProcessMemory or WriteProcessMemory request was completed. (0x12B)
[0227/154622.061:WARNING:pe_image_reader.cc(340)] could not read dos header from C:\WINDOWS\System32\win32u.dll
[0227/154622.061:ERROR:process_memory_win.cc(73)] ReadMemory at 0x7ffe22e50000 of 64 bytes failed: Only part of a ReadProcessMemory or WriteProcessMemory request was completed. (0x12B)
[0227/154622.061:WARNING:pe_image_reader.cc(340)] could not read dos header from C:\WINDOWS\System32\GDI32.dll
[0227/154622.061:ERROR:process_memory_win.cc(73)] ReadMemory at 0x7ffe20230000 of 64 bytes failed: Only part of a ReadProcessMemory or WriteProcessMemory request was completed. (0x12B)
[0227/154622.061:WARNING:pe_image_reader.cc(340)] could not read dos header from C:\WINDOWS\System32\gdi32full.dll
[0227/154622.061:ERROR:process_memory_win.cc(73)] ReadMemory at 0x7ffe20e30000 of 64 bytes failed: Only part of a ReadProcessMemory or WriteProcessMemory request was completed. (0x12B)
[0227/154622.061:WARNING:pe_image_reader.cc(340)] could not read dos header from C:\WINDOWS\System32\msvcp_win.dll
[0227/154622.061:ERROR:process_memory_win.cc(73)] ReadMemory at 0x7ffe20420000 of 64 bytes failed: Only part of a ReadProcessMemory or WriteProcessMemory request was completed. (0x12B)
[0227/154622.061:WARNING:pe_image_reader.cc(340)] could not read dos header from C:\WINDOWS\System32\ucrtbase.dll
[0227/154622.061:ERROR:process_memory_win.cc(73)] ReadMemory at 0x7ffe21b30000 of 64 bytes failed: Only part of a ReadProcessMemory or WriteProcessMemory request was completed. (0x12B)
[0227/154622.061:WARNING:pe_image_reader.cc(340)] could not read dos header from C:\WINDOWS\System32\IMM32.DLL
[0227/154622.061:ERROR:process_memory_win.cc(73)] ReadMemory at 0x7ffde3c40000 of 64 bytes failed: Only part of a ReadProcessMemory or WriteProcessMemory request was completed. (0x12B)
[0227/154622.061:WARNING:pe_image_reader.cc(340)] could not read dos header from C:\Program Files (x86)\Google\Chrome\Application\80.0.3987.122\chrome.dll
[0227/154622.061:ERROR:process_memory_win.cc(73)] ReadMemory at 0x7ffe22040000 of 64 bytes failed: Only part of a ReadProcessMemory or WriteProcessMemory request was completed. (0x12B)
[0227/154622.061:WARNING:pe_image_reader.cc(340)] could not read dos header from C:\WINDOWS\System32\WS2_32.dll
[0227/154622.061:ERROR:process_memory_win.cc(73)] ReadMemory at 0x7ffe21d40000 of 64 bytes failed: Only part of a ReadProcessMemory or WriteProcessMemory request was completed. (0x12B)
[0227/154622.061:WARNING:pe_image_reader.cc(340)] could not read dos header from C:\WINDOWS\System32\OLEAUT32.dll
[0227/154622.061:ERROR:process_memory_win.cc(73)] ReadMemory at 0x7ffe223a0000 of 64 bytes failed: Only part of a ReadProcessMemory or WriteProcessMemory request was completed. (0x12B)
[0227/154622.061:WARNING:pe_image_reader.cc(340)] could not read dos header from C:\WINDOWS\System32\combase.dll
[0227/154622.061:ERROR:process_memory_win.cc(73)] ReadMemory at 0x7ffe20d20000 of 64 bytes failed: Only part of a ReadProcessMemory or WriteProcessMemory request was completed. (0x12B)
[0227/154622.061:WARNING:pe_image_reader.cc(340)] could not read dos header from C:\WINDOWS\System32\WINTRUST.dll
[0227/154622.061:ERROR:process_memory_win.cc(73)] ReadMemory at 0x7ffe20180000 of 64 bytes failed: Only part of a ReadProcessMemory or WriteProcessMemory request was completed. (0x12B)
[0227/154622.062:WARNING:pe_image_reader.cc(340)] could not read dos header from C:\WINDOWS\System32\MSASN1.dll
[0227/154622.062:ERROR:process_memory_win.cc(73)] ReadMemory at 0x7ffe20ed0000 of 64 bytes failed: Only part of a ReadProcessMemory or WriteProcessMemory request was completed. (0x12B)
[0227/154622.062:WARNING:pe_image_reader.cc(340)] could not read dos header from C:\WINDOWS\System32\CRYPT32.dll
[0227/154622.062:ERROR:process_memory_win.cc(73)] ReadMemory at 0x7ffe1f6f0000 of 64 bytes failed: Only part of a ReadProcessMemory or WriteProcessMemory request was completed. (0x12B)
[0227/154622.062:WARNING:pe_image_reader.cc(340)] could not read dos header from C:\WINDOWS\SYSTEM32\IPHLPAPI.DLL
[0227/154622.062:ERROR:process_memory_win.cc(73)] ReadMemory at 0x7ffe1c800000 of 64 bytes failed: Only part of a ReadProcessMemory or WriteProcessMemory request was completed. (0x12B)
[0227/154622.062:WARNING:pe_image_reader.cc(340)] could not read dos header from C:\WINDOWS\SYSTEM32\WINMM.dll
[0227/154622.062:ERROR:process_memory_win.cc(73)] ReadMemory at 0x7ffe13c00000 of 64 bytes failed: Only part of a ReadProcessMemory or WriteProcessMemory request was completed. (0x12B)
[0227/154622.062:WARNING:pe_image_reader.cc(340)] could not read dos header from C:\WINDOWS\SYSTEM32\Secur32.dll
[0227/154622.062:ERROR:process_memory_win.cc(73)] ReadMemory at 0x7ffe20090000 of 64 bytes failed: Only part of a ReadProcessMemory or WriteProcessMemory request was completed. (0x12B)
[0227/154622.062:WARNING:pe_image_reader.cc(340)] could not read dos header from C:\WINDOWS\SYSTEM32\USERENV.dll
[0227/154622.062:ERROR:process_memory_win.cc(73)] ReadMemory at 0x7ffe201c0000 of 64 bytes failed: Only part of a ReadProcessMemory or WriteProcessMemory request was completed. (0x12B)
[0227/154622.062:WARNING:pe_image_reader.cc(340)] could not read dos header from C:\WINDOWS\System32\profapi.dll
[0227/154622.062:ERROR:process_memory_win.cc(73)] ReadMemory at 0x7ffdfce20000 of 64 bytes failed: Only part of a ReadProcessMemory or WriteProcessMemory request was completed. (0x12B)
[0227/154622.062:WARNING:pe_image_reader.cc(340)] could not read dos header from C:\WINDOWS\SYSTEM32\UIAutomationCore.DLL
[0227/154622.062:ERROR:process_memory_win.cc(73)] ReadMemory at 0x7ffe1e1b0000 of 64 bytes failed: Only part of a ReadProcessMemory or WriteProcessMemory request was completed. (0x12B)
[0227/154622.062:WARNING:pe_image_reader.cc(340)] could not read dos header from C:\WINDOWS\SYSTEM32\DWrite.dll
[0227/154622.062:ERROR:process_memory_win.cc(73)] ReadMemory at 0x7ffe08930000 of 64 bytes failed: Only part of a ReadProcessMemory or WriteProcessMemory request was completed. (0x12B)
[0227/154622.062:WARNING:pe_image_reader.cc(340)] could not read dos header from C:\WINDOWS\SYSTEM32\WINSPOOL.DRV
[0227/154622.062:ERROR:process_memory_win.cc(73)] ReadMemory at 0x7ffe201a0000 of 64 bytes failed: Only part of a ReadProcessMemory or WriteProcessMemory request was completed. (0x12B)
[0227/154622.062:WARNING:pe_image_reader.cc(340)] could not read dos header from C:\WINDOWS\System32\kernel.appcore.dll
[0227/154622.062:ERROR:process_memory_win.cc(73)] ReadMemory at 0x7ffe21070000 of 64 bytes failed: Only part of a ReadProcessMemory or WriteProcessMemory request was completed. (0x12B)
[0227/154622.062:WARNING:pe_image_reader.cc(340)] could not read dos header from C:\WINDOWS\System32\bcrypt.dll
[0227/154622.062:ERROR:process_memory_win.cc(73)] ReadMemory at 0x7ffe1eb60000 of 64 bytes failed: Only part of a ReadProcessMemory or WriteProcessMemory request was completed. (0x12B)
[0227/154622.062:WARNING:pe_image_reader.cc(340)] could not read dos header from C:\WINDOWS\SYSTEM32\dbghelp.dll
[0227/154622.062:ERROR:process_memory_win.cc(73)] ReadMemory at 0x7ffe11a60000 of 64 bytes failed: Only part of a ReadProcessMemory or WriteProcessMemory request was completed. (0x12B)
[0227/154622.062:WARNING:pe_image_reader.cc(340)] could not read dos header from C:\WINDOWS\SYSTEM32\WINHTTP.dll
[0227/154622.062:ERROR:process_memory_win.cc(73)] ReadMemory at 0x7ffe14550000 of 64 bytes failed: Only part of a ReadProcessMemory or WriteProcessMemory request was completed. (0x12B)
[0227/154622.062:WARNING:pe_image_reader.cc(340)] could not read dos header from C:\WINDOWS\SYSTEM32\dhcpcsvc.DLL
[0227/154622.062:ERROR:process_memory_win.cc(73)] ReadMemory at 0x7ffe21b60000 of 64 bytes failed: Only part of a ReadProcessMemory or WriteProcessMemory request was completed. (0x12B)
[0227/154622.062:WARNING:pe_image_reader.cc(340)] could not read dos header from C:\WINDOWS\System32\NSI.dll
[0227/154622.062:ERROR:process_memory_win.cc(73)] ReadMemory at 0x7ffe1c7d0000 of 64 bytes failed: Only part of a ReadProcessMemory or WriteProcessMemory request was completed. (0x12B)
[0227/154622.062:WARNING:pe_image_reader.cc(340)] could not read dos header from C:\WINDOWS\SYSTEM32\WINMMBASE.dll
[0227/154622.062:ERROR:process_memory_win.cc(73)] ReadMemory at 0x7ffe203d0000 of 64 bytes failed: Only part of a ReadProcessMemory or WriteProcessMemory request was completed. (0x12B)
[0227/154622.062:WARNING:pe_image_reader.cc(340)] could not read dos header from C:\WINDOWS\System32\cfgmgr32.dll
[0227/154622.062:ERROR:process_memory_win.cc(73)] ReadMemory at 0x7ffe1b860000 of 64 bytes failed: Only part of a ReadProcessMemory or WriteProcessMemory request was completed. (0x12B)
[0227/154622.062:WARNING:pe_image_reader.cc(340)] could not read dos header from C:\WINDOWS\SYSTEM32\PROPSYS.dll
[0227/154622.062:ERROR:process_memory_win.cc(73)] ReadMemory at 0x20cdfb60000 of 64 bytes failed: Only part of a ReadProcessMemory or WriteProcessMemory request was completed. (0x12B)
[0227/154622.063:WARNING:pe_image_reader.cc(340)] could not read dos header from C:\WINDOWS\System32\shcore.dll
[0227/154622.063:ERROR:process_memory_win.cc(73)] ReadMemory at 0x7ffe20060000 of 64 bytes failed: Only part of a ReadProcessMemory or WriteProcessMemory request was completed. (0x12B)
[0227/154622.063:WARNING:pe_image_reader.cc(340)] could not read dos header from C:\WINDOWS\SYSTEM32\SSPICLI.DLL
[0227/154622.063:ERROR:process_memory_win.cc(73)] ReadMemory at 0x7ffe22760000 of 64 bytes failed: Only part of a ReadProcessMemory or WriteProcessMemory request was completed. (0x12B)
[0227/154622.063:WARNING:pe_image_reader.cc(340)] could not read dos header from C:\WINDOWS\System32\SHELL32.dll
[0227/154622.063:ERROR:process_memory_win.cc(73)] ReadMemory at 0x7ffe205a0000 of 64 bytes failed: Only part of a ReadProcessMemory or WriteProcessMemory request was completed. (0x12B)
[0227/154622.063:WARNING:pe_image_reader.cc(340)] could not read dos header from C:\WINDOWS\System32\windows.storage.dll
[0227/154622.063:ERROR:process_memory_win.cc(73)] ReadMemory at 0x7ffe201e0000 of 64 bytes failed: Only part of a ReadProcessMemory or WriteProcessMemory request was completed. (0x12B)
[0227/154622.063:WARNING:pe_image_reader.cc(340)] could not read dos header from C:\WINDOWS\System32\powrprof.dll
[0227/154622.063:ERROR:process_memory_win.cc(73)] ReadMemory at 0x7ffe20170000 of 64 bytes failed: Only part of a ReadProcessMemory or WriteProcessMemory request was completed. (0x12B)
[0227/154622.063:WARNING:pe_image_reader.cc(340)] could not read dos header from C:\WINDOWS\System32\UMPDC.dll
[0227/154622.063:ERROR:process_memory_win.cc(73)] ReadMemory at 0x7ffe21350000 of 64 bytes failed: Only part of a ReadProcessMemory or WriteProcessMemory request was completed. (0x12B)
[0227/154622.063:WARNING:pe_image_reader.cc(340)] could not read dos header from C:\WINDOWS\System32\shlwapi.dll
[0227/154622.063:ERROR:process_memory_win.cc(73)] ReadMemory at 0x7ffe21020000 of 64 bytes failed: Only part of a ReadProcessMemory or WriteProcessMemory request was completed. (0x12B)
[0227/154622.063:WARNING:pe_image_reader.cc(340)] could not read dos header from C:\WINDOWS\System32\cryptsp.dll
[0227/154622.063:ERROR:process_memory_win.cc(73)] ReadMemory at 0x7ffe1fbb0000 of 64 bytes failed: Only part of a ReadProcessMemory or WriteProcessMemory request was completed. (0x12B)
[0227/154622.063:WARNING:pe_image_reader.cc(340)] could not read dos header from C:\WINDOWS\SYSTEM32\CRYPTBASE.DLL
[0227/154622.063:ERROR:process_memory_win.cc(73)] ReadMemory at 0x7ffe22190000 of 64 bytes failed: Only part of a ReadProcessMemory or WriteProcessMemory request was completed. (0x12B)
[0227/154622.063:WARNING:pe_image_reader.cc(340)] could not read dos header from C:\WINDOWS\System32\ole32.dll
[0227/154622.063:ERROR:process_memory_win.cc(73)] ReadMemory at 0x7ffe1f000000 of 64 bytes failed: Only part of a ReadProcessMemory or WriteProcessMemory request was completed. (0x12B)
[0227/154622.063:WARNING:pe_image_reader.cc(340)] could not read dos header from C:\WINDOWS\SYSTEM32\dxgi.dll
[0227/154622.063:ERROR:process_memory_win.cc(73)] ReadMemory at 0x7ffe1ed60000 of 64 bytes failed: Only part of a ReadProcessMemory or WriteProcessMemory request was completed. (0x12B)
[0227/154622.063:WARNING:pe_image_reader.cc(340)] could not read dos header from C:\WINDOWS\SYSTEM32\dxcore.dll
[0227/154622.063:ERROR:process_memory_win.cc(73)] ReadMemory at 0x7ffdf26e0000 of 64 bytes failed: Only part of a ReadProcessMemory or WriteProcessMemory request was completed. (0x12B)
[0227/154622.063:WARNING:pe_image_reader.cc(340)] could not read dos header from C:\WINDOWS\SYSTEM32\mf.dll
[0227/154622.063:ERROR:process_memory_win.cc(73)] ReadMemory at 0x7ffdf5b50000 of 64 bytes failed: Only part of a ReadProcessMemory or WriteProcessMemory request was completed. (0x12B)
[0227/154622.063:WARNING:pe_image_reader.cc(340)] could not read dos header from C:\WINDOWS\SYSTEM32\mfplat.dll
[0227/154622.063:ERROR:process_memory_win.cc(73)] ReadMemory at 0x7ffdf95c0000 of 64 bytes failed: Only part of a ReadProcessMemory or WriteProcessMemory request was completed. (0x12B)
[0227/154622.063:WARNING:pe_image_reader.cc(340)] could not read dos header from C:\WINDOWS\SYSTEM32\RTWorkQ.DLL
[0227/154622.063:ERROR:process_memory_win.cc(73)] ReadMemory at 0x7ffde39c0000 of 64 bytes failed: Only part of a ReadProcessMemory or WriteProcessMemory request was completed. (0x12B)
[0227/154622.063:WARNING:pe_image_reader.cc(340)] could not read dos header from C:\WINDOWS\SYSTEM32\msmpeg2vdec.dll
[0227/154622.063:ERROR:process_memory_win.cc(73)] ReadMemory at 0x7ffdeb990000 of 64 bytes failed: Only part of a ReadProcessMemory or WriteProcessMemory request was completed. (0x12B)
[0227/154622.063:WARNING:pe_image_reader.cc(340)] could not read dos header from C:\WINDOWS\SYSTEM32\mfperfhelper.dll
[0227/154622.063:ERROR:process_memory_win.cc(73)] ReadMemory at 0x7ffdf2880000 of 64 bytes failed: Only part of a ReadProcessMemory or WriteProcessMemory request was completed. (0x12B)
[0227/154622.063:WARNING:pe_image_reader.cc(340)] could not read dos header from C:\WINDOWS\SYSTEM32\dxva2.dll
[0227/154622.063:ERROR:process_memory_win.cc(73)] ReadMemory at 0x7ffde3840000 of 64 bytes failed: Only part of a ReadProcessMemory or WriteProcessMemory request was completed. (0x12B)
[0227/154622.063:WARNING:pe_image_reader.cc(340)] could not read dos header from C:\WINDOWS\SYSTEM32\msvproc.dll
[0227/154622.063:ERROR:process_memory_win.cc(73)] ReadMemory at 0x7ffe10ef0000 of 64 bytes failed: Only part of a ReadProcessMemory or WriteProcessMemory request was completed. (0x12B)
[0227/154622.063:WARNING:pe_image_reader.cc(340)] could not read dos header from C:\WINDOWS\SYSTEM32\CompPkgSup.DLL
[0227/154622.063:ERROR:process_memory_win.cc(73)] ReadMemory at 0x7ffe1c900000 of 64 bytes failed: Only part of a ReadProcessMemory or WriteProcessMemory request was completed. (0x12B)
[0227/154622.063:WARNING:pe_image_reader.cc(340)] could not read dos header from C:\WINDOWS\SYSTEM32\D3DCompiler_47.dll
[0227/154622.063:ERROR:process_memory_win.cc(73)] ReadMemory at 0x7ffddf040000 of 64 bytes failed: Only part of a ReadProcessMemory or WriteProcessMemory request was completed. (0x12B)
[0227/154622.063:WARNING:pe_image_reader.cc(340)] could not read dos header from C:\Program Files (x86)\Google\Chrome\Application\80.0.3987.122\libglesv2.dll
[0227/154622.064:ERROR:process_memory_win.cc(73)] ReadMemory at 0x7ffe216c0000 of 64 bytes failed: Only part of a ReadProcessMemory or WriteProcessMemory request was completed. (0x12B)
[0227/154622.064:WARNING:pe_image_reader.cc(340)] could not read dos header from C:\WINDOWS\System32\SETUPAPI.dll
[0227/154622.064:ERROR:process_memory_win.cc(73)] ReadMemory at 0x7ffe109a0000 of 64 bytes failed: Only part of a ReadProcessMemory or WriteProcessMemory request was completed. (0x12B)
[0227/154622.064:WARNING:pe_image_reader.cc(340)] could not read dos header from C:\Program Files (x86)\Google\Chrome\Application\80.0.3987.122\libegl.dll
[0227/154622.064:ERROR:process_memory_win.cc(73)] ReadMemory at 0x7ffe1d720000 of 64 bytes failed: Only part of a ReadProcessMemory or WriteProcessMemory request was completed. (0x12B)
[0227/154622.064:WARNING:pe_image_reader.cc(340)] could not read dos header from C:\WINDOWS\SYSTEM32\dwmapi.dll
[0227/154622.064:ERROR:process_memory_win.cc(73)] ReadMemory at 0x7ffe1eda0000 of 64 bytes failed: Only part of a ReadProcessMemory or WriteProcessMemory request was completed. (0x12B)
[0227/154622.064:WARNING:pe_image_reader.cc(340)] could not read dos header from C:\WINDOWS\SYSTEM32\d3d11.dll
[0227/154622.064:ERROR:process_memory_win.cc(73)] ReadMemory at 0x7ffe1d0d0000 of 64 bytes failed: Only part of a ReadProcessMemory or WriteProcessMemory request was completed. (0x12B)
[0227/154622.064:WARNING:pe_image_reader.cc(340)] could not read dos header from C:\WINDOWS\SYSTEM32\dcomp.dll
[0227/154622.064:ERROR:process_memory_win.cc(73)] ReadMemory at 0x7ffe176a0000 of 64 bytes failed: Only part of a ReadProcessMemory or WriteProcessMemory request was completed. (0x12B)
[0227/154622.064:WARNING:pe_image_reader.cc(340)] could not read dos header from C:\WINDOWS\System32\DriverStore\FileRepository\igdlh64.inf_amd64_31e714e7a053f66d\igd10iumd64.dll
[0227/154622.064:ERROR:process_memory_win.cc(73)] ReadMemory at 0x7ffe1fcb0000 of 64 bytes failed: Only part of a ReadProcessMemory or WriteProcessMemory request was completed. (0x12B)
[0227/154622.064:WARNING:pe_image_reader.cc(340)] could not read dos header from C:\WINDOWS\SYSTEM32\ncrypt.dll
[0227/154622.064:ERROR:process_memory_win.cc(73)] ReadMemory at 0x7ffe1fc70000 of 64 bytes failed: Only part of a ReadProcessMemory or WriteProcessMemory request was completed. (0x12B)
[0227/154622.064:WARNING:pe_image_reader.cc(340)] could not read dos header from C:\WINDOWS\SYSTEM32\NTASN1.dll
[0227/154622.064:ERROR:process_memory_win.cc(73)] ReadMemory at 0x7ffe15700000 of 64 bytes failed: Only part of a ReadProcessMemory or WriteProcessMemory request was completed. (0x12B)
[0227/154622.064:WARNING:pe_image_reader.cc(340)] could not read dos header from C:\WINDOWS\System32\DriverStore\FileRepository\igdlh64.inf_amd64_31e714e7a053f66d\igc64.dll
[0227/154622.064:ERROR:process_memory_win.cc(73)] ReadMemory at 0x7ffe222f0000 of 64 bytes failed: Only part of a ReadProcessMemory or WriteProcessMemory request was completed. (0x12B)
[0227/154622.064:WARNING:pe_image_reader.cc(340)] could not read dos header from C:\WINDOWS\System32\clbcatq.dll
[0227/154622.064:ERROR:process_memory_win.cc(73)] ReadMemory at 0x7ffe1b690000 of 64 bytes failed: Only part of a ReadProcessMemory or WriteProcessMemory request was completed. (0x12B)
[0227/154622.064:WARNING:pe_image_reader.cc(340)] could not read dos header from C:\Windows\System32\WinTypes.dll
[0227/154622.064:ERROR:process_memory_win.cc(73)] ReadMemory at 0x7ffdbcde0000 of 64 bytes failed: Only part of a ReadProcessMemory or WriteProcessMemory request was completed. (0x12B)
[0227/154622.064:WARNING:pe_image_reader.cc(340)] could not read dos header from C:\WINDOWS\System32\DriverStore\FileRepository\igdlh64.inf_amd64_31e714e7a053f66d\igd11dxva64.dll
[0227/154622.064:ERROR:process_memory_win.cc(73)] ReadMemory at 0x7ffe10760000 of 64 bytes failed: Only part of a ReadProcessMemory or WriteProcessMemory request was completed. (0x12B)
[0227/154622.064:WARNING:pe_image_reader.cc(340)] could not read dos header from C:\Windows\System32\mfh264enc.dll
[0227/154622.064:ERROR:process_memory_win.cc(73)] ReadMemory at 0x7ffde24b0000 of 64 bytes failed: Only part of a ReadProcessMemory or WriteProcessMemory request was completed. (0x12B)
[0227/154622.064:WARNING:pe_image_reader.cc(340)] could not read dos header from C:\Windows\System32\Windows.Media.dll
[0227/154622.064:ERROR:process_memory_win.cc(73)] ReadMemory at 0x7ffe1f1d0000 of 64 bytes failed: Only part of a ReadProcessMemory or WriteProcessMemory request was completed. (0x12B)
[0227/154622.064:WARNING:pe_image_reader.cc(340)] could not read dos header from C:\WINDOWS\SYSTEM32\ntmarta.dll
[0227/154622.064:ERROR:process_memory_win.cc(73)] ReadMemory at 0x7ffe1d2b0000 of 64 bytes failed: Only part of a ReadProcessMemory or WriteProcessMemory request was completed. (0x12B)
[0227/154622.064:WARNING:pe_image_reader.cc(340)] could not read dos header from C:\WINDOWS\SYSTEM32\coremessaging.dll
[0227/154622.075:ERROR:process_memory_win.cc(73)] ReadMemory at 0xcea89f8000 of 32768 bytes failed: Only part of a ReadProcessMemory or WriteProcessMemory request was completed. (0x12B)
[0227/154622.075:ERROR:process_memory_win.cc(73)] ReadMemory at 0xcea91fd000 of 12288 bytes failed: Only part of a ReadProcessMemory or WriteProcessMemory request was completed. (0x12B)
[0227/154622.076:ERROR:process_memory_win.cc(73)] ReadMemory at 0xcea99fd000 of 12288 bytes failed: Only part of a ReadProcessMemory or WriteProcessMemory request was completed. (0x12B)
[0227/154622.076:ERROR:process_memory_win.cc(73)] ReadMemory at 0xceaa1fd000 of 12288 bytes failed: Only part of a ReadProcessMemory or WriteProcessMemory request was completed. (0x12B)
[0227/154622.076:ERROR:process_memory_win.cc(73)] ReadMemory at 0xceaa9fd000 of 12288 bytes failed: Only part of a ReadProcessMemory or WriteProcessMemory request was completed. (0x12B)
[0227/154622.076:ERROR:process_memory_win.cc(73)] ReadMemory at 0xceab1fc000 of 16384 bytes failed: Only part of a ReadProcessMemory or WriteProcessMemory request was completed. (0x12B)
[0227/154622.076:ERROR:process_memory_win.cc(73)] ReadMemory at 0xceab9fe000 of 8192 bytes failed: Only part of a ReadProcessMemory or WriteProcessMemory request was completed. (0x12B)
[0227/154622.076:ERROR:process_memory_win.cc(73)] ReadMemory at 0xceac1fc000 of 16384 bytes failed: Only part of a ReadProcessMemory or WriteProcessMemory request was completed. (0x12B)
[0227/154622.076:ERROR:process_memory_win.cc(73)] ReadMemory at 0xceac9fb000 of 20480 bytes failed: Only part of a ReadProcessMemory or WriteProcessMemory request was completed. (0x12B)
[0227/154622.076:ERROR:process_memory_win.cc(73)] ReadMemory at 0xcead1fe000 of 8192 bytes failed: Only part of a ReadProcessMemory or WriteProcessMemory request was completed. (0x12B)
[0227/154622.076:ERROR:process_memory_win.cc(73)] ReadMemory at 0xceb09fe000 of 8192 bytes failed: Only part of a ReadProcessMemory or WriteProcessMemory request was completed. (0x12B)
[0227/154622.076:ERROR:process_memory_win.cc(73)] ReadMemory at 0xceb21ff000 of 4096 bytes failed: Only part of a ReadProcessMemory or WriteProcessMemory request was completed. (0x12B)
[0227/154622.076:ERROR:process_memory_win.cc(73)] ReadMemory at 0xcea80db000 of 852 bytes failed: Only part of a ReadProcessMemory or WriteProcessMemory request was completed. (0x12B)
[0227/154622.076:ERROR:process_memory_win.cc(73)] ReadMemory at 0xcea80dc000 of 6024 bytes failed: Only part of a ReadProcessMemory or WriteProcessMemory request was completed. (0x12B)
[0227/154622.076:ERROR:process_memory_win.cc(73)] ReadMemory at 0xcea80de000 of 6024 bytes failed: Only part of a ReadProcessMemory or WriteProcessMemory request was completed. (0x12B)
[0227/154622.076:ERROR:process_memory_win.cc(73)] ReadMemory at 0xcea80e0000 of 6024 bytes failed: Only part of a ReadProcessMemory or WriteProcessMemory request was completed. (0x12B)
[0227/154622.076:ERROR:process_memory_win.cc(73)] ReadMemory at 0xcea80e2000 of 6024 bytes failed: Only part of a ReadProcessMemory or WriteProcessMemory request was completed. (0x12B)
[0227/154622.076:ERROR:process_memory_win.cc(73)] ReadMemory at 0xcea80e4000 of 6024 bytes failed: Only part of a ReadProcessMemory or WriteProcessMemory request was completed. (0x12B)
[0227/154622.077:ERROR:process_memory_win.cc(73)] ReadMemory at 0xcea80e6000 of 6024 bytes failed: Only part of a ReadProcessMemory or WriteProcessMemory request was completed. (0x12B)
[0227/154622.077:ERROR:process_memory_win.cc(73)] ReadMemory at 0xcea80e8000 of 6024 bytes failed: Only part of a ReadProcessMemory or WriteProcessMemory request was completed. (0x12B)
[0227/154622.077:ERROR:process_memory_win.cc(73)] ReadMemory at 0xcea80ea000 of 6024 bytes failed: Only part of a ReadProcessMemory or WriteProcessMemory request was completed. (0x12B)
[0227/154622.077:ERROR:process_memory_win.cc(73)] ReadMemory at 0xcea80ec000 of 6024 bytes failed: Only part of a ReadProcessMemory or WriteProcessMemory request was completed. (0x12B)
[0227/154622.077:ERROR:process_memory_win.cc(73)] ReadMemory at 0xcea80ee000 of 6024 bytes failed: Only part of a ReadProcessMemory or WriteProcessMemory request was completed. (0x12B)
[0227/154622.077:ERROR:process_memory_win.cc(73)] ReadMemory at 0xcea80fc000 of 6024 bytes failed: Only part of a ReadProcessMemory or WriteProcessMemory request was completed. (0x12B)
[0227/154622.077:ERROR:process_memory_win.cc(73)] ReadMemory at 0xcea8102000 of 6024 bytes failed: Only part of a ReadProcessMemory or WriteProcessMemory request was completed. (0x12B)
[0227/154622.077:ERROR:process_memory_win.cc(73)] ReadMemory at 0x20cdf8e0750 of 80 bytes failed: Only part of a ReadProcessMemory or WriteProcessMemory request was completed. (0x12B)
[0227/154622.077:ERROR:process_memory_win.cc(73)] ReadMemory at 0x20cdf8e0ad0 of 512 bytes failed: Only part of a ReadProcessMemory or WriteProcessMemory request was completed. (0x12B)
[0227/154622.077:ERROR:process_memory_win.cc(73)] ReadMemory at 0x20cdf8e0fe0 of 7734 bytes failed: Only part of a ReadProcessMemory or WriteProcessMemory request was completed. (0x12B)
[0227/154622.077:ERROR:process_memory_win.cc(73)] ReadMemory at 0x20cdf8e2e20 of 1012 bytes failed: Only part of a ReadProcessMemory or WriteProcessMemory request was completed. (0x12B)
[0227/154622.077:ERROR:process_memory_win.cc(73)] ReadMemory at 0x20cdf8e3468 of 118 bytes failed: Only part of a ReadProcessMemory or WriteProcessMemory request was completed. (0x12B)
[0227/154622.077:ERROR:process_memory_win.cc(73)] ReadMemory at 0x20cdf8e34e0 of 1174 bytes failed: Only part of a ReadProcessMemory or WriteProcessMemory request was completed. (0x12B)
[0227/154622.077:ERROR:process_memory_win.cc(73)] ReadMemory at 0x20cdf8e3978 of 118 bytes failed: Only part of a ReadProcessMemory or WriteProcessMemory request was completed. (0x12B)
[0227/154622.077:ERROR:process_memory_win.cc(73)] ReadMemory at 0x20cdf8e39f0 of 30 bytes failed: Only part of a ReadProcessMemory or WriteProcessMemory request was completed. (0x12B)
[0227/154622.077:ERROR:process_memory_win.cc(73)] ReadMemory at 0x20cdf8e3a20 of 58 bytes failed: Only part of a ReadProcessMemory or WriteProcessMemory request was completed. (0x12B)
[0227/154622.077:ERROR:process_memory_win.cc(73)] ReadMemory at 0x20cdf8e3b20 of 132 bytes failed: Only part of a ReadProcessMemory or WriteProcessMemory request was completed. (0x12B)
[0227/154622.078:ERROR:process_memory_win.cc(73)] ReadMemory at 0x20cdf8e3cb0 of 132 bytes failed: Only part of a ReadProcessMemory or WriteProcessMemory request was completed. (0x12B)
[0227/154622.078:ERROR:process_memory_win.cc(73)] ReadMemory at 0x20cdf8e3fc0 of 146 bytes failed: Only part of a ReadProcessMemory or WriteProcessMemory request was completed. (0x12B)
[0227/154622.078:ERROR:process_memory_win.cc(73)] ReadMemory at 0x20cdf8e4250 of 132 bytes failed: Only part of a ReadProcessMemory or WriteProcessMemory request was completed. (0x12B)
[0227/154622.078:ERROR:process_memory_win.cc(73)] ReadMemory at 0x20cdf8e43e0 of 64 bytes failed: Only part of a ReadProcessMemory or WriteProcessMemory request was completed. (0x12B)
[0227/154622.078:ERROR:process_memory_win.cc(73)] ReadMemory at 0x20cdf8e45a0 of 132 bytes failed: Only part of a ReadProcessMemory or WriteProcessMemory request was completed. (0x12B)
[0227/154622.078:ERROR:process_memory_win.cc(73)] ReadMemory at 0x20cdf8e4840 of 132 bytes failed: Only part of a ReadProcessMemory or WriteProcessMemory request was completed. (0x12B)
[0227/154622.078:ERROR:process_memory_win.cc(73)] ReadMemory at 0x20cdf8e49d0 of 68 bytes failed: Only part of a ReadProcessMemory or WriteProcessMemory request was completed. (0x12B)
[0227/154622.078:ERROR:process_memory_win.cc(73)] ReadMemory at 0x20cdf8e5b70 of 132 bytes failed: Only part of a ReadProcessMemory or WriteProcessMemory request was completed. (0x12B)
[0227/154622.078:ERROR:process_memory_win.cc(73)] ReadMemory at 0x20cdf8e5d00 of 154 bytes failed: Only part of a ReadProcessMemory or WriteProcessMemory request was completed. (0x12B)
[0227/154622.078:ERROR:process_memory_win.cc(73)] ReadMemory at 0x20cdf8e6a3c of 512 bytes failed: Only part of a ReadProcessMemory or WriteProcessMemory request was completed. (0x12B)
[0227/154622.078:ERROR:process_memory_win.cc(73)] ReadMemory at 0x20cdf8e6e50 of 640 bytes failed: Only part of a ReadProcessMemory or WriteProcessMemory request was completed. (0x12B)
[0227/154622.078:ERROR:process_memory_win.cc(73)] ReadMemory at 0x20cdf8e7b30 of 62 bytes failed: Only part of a ReadProcessMemory or WriteProcessMemory request was completed. (0x12B)
[0227/154622.078:ERROR:process_memory_win.cc(73)] ReadMemory at 0x20cdf8e7c60 of 132 bytes failed: Only part of a ReadProcessMemory or WriteProcessMemory request was completed. (0x12B)
[0227/154622.078:ERROR:process_memory_win.cc(73)] ReadMemory at 0x20cdf8e7df0 of 60 bytes failed: Only part of a ReadProcessMemory or WriteProcessMemory request was completed. (0x12B)
[0227/154622.078:ERROR:process_memory_win.cc(73)] ReadMemory at 0x20cdf8e8a00 of 132 bytes failed: Only part of a ReadProcessMemory or WriteProcessMemory request was completed. (0x12B)
[0227/154622.078:ERROR:process_memory_win.cc(73)] ReadMemory at 0x20cdf8eb9a0 of 58 bytes failed: Only part of a ReadProcessMemory or WriteProcessMemory request was completed. (0x12B)
[0227/154622.078:ERROR:process_memory_win.cc(73)] ReadMemory at 0x20cdf8eb9f0 of 62 bytes failed: Only part of a ReadProcessMemory or WriteProcessMemory request was completed. (0x12B)
[0227/154622.078:ERROR:process_memory_win.cc(73)] ReadMemory at 0x20cdf8ebb30 of 66 bytes failed: Only part of a ReadProcessMemory or WriteProcessMemory request was completed. (0x12B)
[0227/154622.078:ERROR:process_memory_win.cc(73)] ReadMemory at 0x20cdf8ebbd0 of 64 bytes failed: Only part of a ReadProcessMemory or WriteProcessMemory request was completed. (0x12B)
[0227/154622.078:ERROR:process_memory_win.cc(73)] ReadMemory at 0x20cdf8ebc70 of 60 bytes failed: Only part of a ReadProcessMemory or WriteProcessMemory request was completed. (0x12B)
[0227/154622.078:ERROR:process_memory_win.cc(73)] ReadMemory at 0x20cdf8ebcc0 of 60 bytes failed: Only part of a ReadProcessMemory or WriteProcessMemory request was completed. (0x12B)
[0227/154622.079:ERROR:process_memory_win.cc(73)] ReadMemory at 0x20cdf8ebd10 of 66 bytes failed: Only part of a ReadProcessMemory or WriteProcessMemory request was completed. (0x12B)
[0227/154622.079:ERROR:process_memory_win.cc(73)] ReadMemory at 0x20cdf8ebe00 of 64 bytes failed: Only part of a ReadProcessMemory or WriteProcessMemory request was completed. (0x12B)
[0227/154622.079:ERROR:process_memory_win.cc(73)] ReadMemory at 0x20cdf8ebea0 of 60 bytes failed: Only part of a ReadProcessMemory or WriteProcessMemory request was completed. (0x12B)
[0227/154622.079:ERROR:process_memory_win.cc(73)] ReadMemory at 0x20cdf8ec110 of 62 bytes failed: Only part of a ReadProcessMemory or WriteProcessMemory request was completed. (0x12B)
[0227/154622.079:ERROR:process_memory_win.cc(73)] ReadMemory at 0x20cdf8ec160 of 58 bytes failed: Only part of a ReadProcessMemory or WriteProcessMemory request was completed. (0x12B)
[0227/154622.079:ERROR:process_memory_win.cc(73)] ReadMemory at 0x20cdf8ec200 of 64 bytes failed: Only part of a ReadProcessMemory or WriteProcessMemory request was completed. (0x12B)
[0227/154622.079:ERROR:process_memory_win.cc(73)] ReadMemory at 0x20cdf8ec250 of 66 bytes failed: Only part of a ReadProcessMemory or WriteProcessMemory request was completed. (0x12B)
[0227/154622.079:ERROR:process_memory_win.cc(73)] ReadMemory at 0x20cdf8ec340 of 62 bytes failed: Only part of a ReadProcessMemory or WriteProcessMemory request was completed. (0x12B)
[0227/154622.079:ERROR:process_memory_win.cc(73)] ReadMemory at 0x20cdf8ec430 of 62 bytes failed: Only part of a ReadProcessMemory or WriteProcessMemory request was completed. (0x12B)
[0227/154622.079:ERROR:process_memory_win.cc(73)] ReadMemory at 0x20cdf8ec570 of 64 bytes failed: Only part of a ReadProcessMemory or WriteProcessMemory request was completed. (0x12B)
[0227/154622.079:ERROR:process_memory_win.cc(73)] ReadMemory at 0x20cdf8ec610 of 60 bytes failed: Only part of a ReadProcessMemory or WriteProcessMemory request was completed. (0x12B)
[0227/154622.079:ERROR:process_memory_win.cc(73)] ReadMemory at 0x20cdf8ec6b0 of 62 bytes failed: Only part of a ReadProcessMemory or WriteProcessMemory request was completed. (0x12B)
[0227/154622.079:ERROR:process_memory_win.cc(73)] ReadMemory at 0x20cdf8ec7a0 of 60 bytes failed: Only part of a ReadProcessMemory or WriteProcessMemory request was completed. (0x12B)
[0227/154622.079:ERROR:process_memory_win.cc(73)] ReadMemory at 0x20cdf8ec7f0 of 62 bytes failed: Only part of a ReadProcessMemory or WriteProcessMemory request was completed. (0x12B)
[0227/154622.079:ERROR:process_memory_win.cc(73)] ReadMemory at 0x20cdf8ec890 of 60 bytes failed: Only part of a ReadProcessMemory or WriteProcessMemory request was completed. (0x12B)
[0227/154622.079:ERROR:process_memory_win.cc(73)] ReadMemory at 0x20cdf8eca20 of 62 bytes failed: Only part of a ReadProcessMemory or WriteProcessMemory request was completed. (0x12B)
[0227/154622.079:ERROR:process_memory_win.cc(73)] ReadMemory at 0x20cdf8ecb60 of 58 bytes failed: Only part of a ReadProcessMemory or WriteProcessMemory request was completed. (0x12B)
[0227/154622.079:ERROR:process_memory_win.cc(73)] ReadMemory at 0x20cdf8ecbb0 of 62 bytes failed: Only part of a ReadProcessMemory or WriteProcessMemory request was completed. (0x12B)
[0227/154622.079:ERROR:process_memory_win.cc(73)] ReadMemory at 0x20cdf8ecc00 of 60 bytes failed: Only part of a ReadProcessMemory or WriteProcessMemory request was completed. (0x12B)
[0227/154622.080:ERROR:process_memory_win.cc(73)] ReadMemory at 0x20cdf8ecc50 of 60 bytes failed: Only part of a ReadProcessMemory or WriteProcessMemory request was completed. (0x12B)
[0227/154622.080:ERROR:process_memory_win.cc(73)] ReadMemory at 0x20cdf8eccf0 of 64 bytes failed: Only part of a ReadProcessMemory or WriteProcessMemory request was completed. (0x12B)
[0227/154622.080:ERROR:process_memory_win.cc(73)] ReadMemory at 0x20cdf8ecd90 of 62 bytes failed: Only part of a ReadProcessMemory or WriteProcessMemory request was completed. (0x12B)
[0227/154622.080:ERROR:process_memory_win.cc(73)] ReadMemory at 0x20cdf8ecde0 of 64 bytes failed: Only part of a ReadProcessMemory or WriteProcessMemory request was completed. (0x12B)
[0227/154622.080:ERROR:process_memory_win.cc(73)] ReadMemory at 0x20cdf8ecf70 of 62 bytes failed: Only part of a ReadProcessMemory or WriteProcessMemory request was completed. (0x12B)
[0227/154622.080:ERROR:process_memory_win.cc(73)] ReadMemory at 0x20cdf8ed010 of 64 bytes failed: Only part of a ReadProcessMemory or WriteProcessMemory request was completed. (0x12B)
[0227/154622.080:ERROR:process_memory_win.cc(73)] ReadMemory at 0x20cdf8ed060 of 64 bytes failed: Only part of a ReadProcessMemory or WriteProcessMemory request was completed. (0x12B)
[0227/154622.080:ERROR:process_memory_win.cc(73)] ReadMemory at 0x20cdf8ee770 of 132 bytes failed: Only part of a ReadProcessMemory or WriteProcessMemory request was completed. (0x12B)
[0227/154622.080:ERROR:process_memory_win.cc(73)] ReadMemory at 0x20cdf8ee8a0 of 132 bytes failed: Only part of a ReadProcessMemory or WriteProcessMemory request was completed. (0x12B)
[0227/154622.080:ERROR:process_memory_win.cc(73)] ReadMemory at 0x20cdf8ee9d0 of 132 bytes failed: Only part of a ReadProcessMemory or WriteProcessMemory request was completed. (0x12B)
[0227/154622.080:ERROR:process_memory_win.cc(73)] ReadMemory at 0x20cdf8f05a0 of 132 bytes failed: Only part of a ReadProcessMemory or WriteProcessMemory request was completed. (0x12B)
[0227/154622.080:ERROR:process_memory_win.cc(73)] ReadMemory at 0x20cdf8f06d0 of 132 bytes failed: Only part of a ReadProcessMemory or WriteProcessMemory request was completed. (0x12B)
[0227/154622.080:ERROR:process_memory_win.cc(73)] ReadMemory at 0x20cdf8f3b70 of 132 bytes failed: Only part of a ReadProcessMemory or WriteProcessMemory request was completed. (0x12B)
[0227/154622.080:ERROR:process_memory_win.cc(73)] ReadMemory at 0x20cdf8f3ca0 of 132 bytes failed: Only part of a ReadProcessMemory or WriteProcessMemory request was completed. (0x12B)
[0227/154622.080:ERROR:process_memory_win.cc(73)] ReadMemory at 0x20cdf8f6be0 of 54 bytes failed: Only part of a ReadProcessMemory or WriteProcessMemory request was completed. (0x12B)
[0227/154622.080:ERROR:process_memory_win.cc(73)] ReadMemory at 0x20cdf8f6ca0 of 132 bytes failed: Only part of a ReadProcessMemory or WriteProcessMemory request was completed. (0x12B)
[0227/154622.080:ERROR:process_memory_win.cc(73)] ReadMemory at 0x20cdf8f9030 of 132 bytes failed: Only part of a ReadProcessMemory or WriteProcessMemory request was completed. (0x12B)
[0227/154622.080:ERROR:process_memory_win.cc(73)] ReadMemory at 0x20cdf8f9160 of 132 bytes failed: Only part of a ReadProcessMemory or WriteProcessMemory request was completed. (0x12B)
[0227/154622.081:ERROR:process_memory_win.cc(73)] ReadMemory at 0x20cdf8f9290 of 132 bytes failed: Only part of a ReadProcessMemory or WriteProcessMemory request was completed. (0x12B)
[0227/154622.081:ERROR:process_memory_win.cc(73)] ReadMemory at 0x20cdf8f93c0 of 132 bytes failed: Only part of a ReadProcessMemory or WriteProcessMemory request was completed. (0x12B)
[0227/154622.081:ERROR:process_memory_win.cc(73)] ReadMemory at 0x20cdf8f94f0 of 132 bytes failed: Only part of a ReadProcessMemory or WriteProcessMemory request was completed. (0x12B)
[0227/154622.081:ERROR:process_memory_win.cc(73)] ReadMemory at 0x20cdf8f9620 of 132 bytes failed: Only part of a ReadProcessMemory or WriteProcessMemory request was completed. (0x12B)
[0227/154622.081:ERROR:process_memory_win.cc(73)] ReadMemory at 0x20cdf8f9750 of 132 bytes failed: Only part of a ReadProcessMemory or WriteProcessMemory request was completed. (0x12B)
[0227/154622.081:ERROR:process_memory_win.cc(73)] ReadMemory at 0x20cdf8f9880 of 132 bytes failed: Only part of a ReadProcessMemory or WriteProcessMemory request was completed. (0x12B)
[0227/154622.081:ERROR:process_memory_win.cc(73)] ReadMemory at 0x20cdf8f99b0 of 132 bytes failed: Only part of a ReadProcessMemory or WriteProcessMemory request was completed. (0x12B)
[0227/154622.081:ERROR:process_memory_win.cc(73)] ReadMemory at 0x20cdf8f9ae0 of 132 bytes failed: Only part of a ReadProcessMemory or WriteProcessMemory request was completed. (0x12B)
[0227/154622.081:ERROR:process_memory_win.cc(73)] ReadMemory at 0x20cdf8f9c10 of 132 bytes failed: Only part of a ReadProcessMemory or WriteProcessMemory request was completed. (0x12B)
[0227/154622.081:ERROR:process_memory_win.cc(73)] ReadMemory at 0x20cdf8f9d40 of 132 bytes failed: Only part of a ReadProcessMemory or WriteProcessMemory request was completed. (0x12B)
[0227/154622.081:ERROR:process_memory_win.cc(73)] ReadMemory at 0x20cdf8f9e70 of 132 bytes failed: Only part of a ReadProcessMemory or WriteProcessMemory request was completed. (0x12B)
[0227/154622.081:ERROR:process_memory_win.cc(73)] ReadMemory at 0x20cdf8fae50 of 76 bytes failed: Only part of a ReadProcessMemory or WriteProcessMemory request was completed. (0x12B)
[0227/154622.081:ERROR:process_memory_win.cc(73)] ReadMemory at 0x20cdf8fb0f0 of 78 bytes failed: Only part of a ReadProcessMemory or WriteProcessMemory request was completed. (0x12B)
[0227/154622.081:ERROR:process_memory_win.cc(73)] ReadMemory at 0x20cdf8fb2d0 of 80 bytes failed: Only part of a ReadProcessMemory or WriteProcessMemory request was completed. (0x12B)
[0227/154622.081:ERROR:process_memory_win.cc(73)] ReadMemory at 0x20cdf8fbc70 of 132 bytes failed: Only part of a ReadProcessMemory or WriteProcessMemory request was completed. (0x12B)
[0227/154622.081:ERROR:process_memory_win.cc(73)] ReadMemory at 0x20cdf8fbda0 of 132 bytes failed: Only part of a ReadProcessMemory or WriteProcessMemory request was completed. (0x12B)
[0227/154622.081:ERROR:process_memory_win.cc(73)] ReadMemory at 0x20cdf8fbed0 of 132 bytes failed: Only part of a ReadProcessMemory or WriteProcessMemory request was completed. (0x12B)
[0227/154622.081:ERROR:process_memory_win.cc(73)] ReadMemory at 0x20cdf8fc000 of 132 bytes failed: Only part of a ReadProcessMemory or WriteProcessMemory request was completed. (0x12B)
[0227/154622.081:ERROR:process_memory_win.cc(73)] ReadMemory at 0x20cdf8fc130 of 132 bytes failed: Only part of a ReadProcessMemory or WriteProcessMemory request was completed. (0x12B)
[0227/154622.081:ERROR:process_memory_win.cc(73)] ReadMemory at 0x20cdf8fc260 of 132 bytes failed: Only part of a ReadProcessMemory or WriteProcessMemory request was completed. (0x12B)
[0227/154622.082:ERROR:process_memory_win.cc(73)] ReadMemory at 0x20cdf8fc390 of 132 bytes failed: Only part of a ReadProcessMemory or WriteProcessMemory request was completed. (0x12B)
[0227/154622.082:ERROR:process_memory_win.cc(73)] ReadMemory at 0x20cdf8fc4c0 of 132 bytes failed: Only part of a ReadProcessMemory or WriteProcessMemory request was completed. (0x12B)
[0227/154622.082:ERROR:process_memory_win.cc(73)] ReadMemory at 0x20cdf8fc5f0 of 132 bytes failed: Only part of a ReadProcessMemory or WriteProcessMemory request was completed. (0x12B)
[0227/154622.082:ERROR:process_memory_win.cc(73)] ReadMemory at 0x20cdf8fc720 of 132 bytes failed: Only part of a ReadProcessMemory or WriteProcessMemory request was completed. (0x12B)
[0227/154622.082:ERROR:process_memory_win.cc(73)] ReadMemory at 0x20cdf8fc850 of 132 bytes failed: Only part of a ReadProcessMemory or WriteProcessMemory request was completed. (0x12B)
[0227/154622.082:ERROR:process_memory_win.cc(73)] ReadMemory at 0x20cdf8fc980 of 132 bytes failed: Only part of a ReadProcessMemory or WriteProcessMemory request was completed. (0x12B)
[0227/154622.082:ERROR:process_memory_win.cc(73)] ReadMemory at 0x20cdf8fcab0 of 132 bytes failed: Only part of a ReadProcessMemory or WriteProcessMemory request was completed. (0x12B)
[0227/154622.082:ERROR:process_memory_win.cc(73)] ReadMemory at 0x20cdf8fcbe0 of 132 bytes failed: Only part of a ReadProcessMemory or WriteProcessMemory request was completed. (0x12B)
[0227/154622.082:ERROR:process_memory_win.cc(73)] ReadMemory at 0x20cdf8fcd10 of 132 bytes failed: Only part of a ReadProcessMemory or WriteProcessMemory request was completed. (0x12B)
[0227/154622.082:ERROR:process_memory_win.cc(73)] ReadMemory at 0x20cdf8fce40 of 132 bytes failed: Only part of a ReadProcessMemory or WriteProcessMemory request was completed. (0x12B)
[0227/154622.082:ERROR:process_memory_win.cc(73)] ReadMemory at 0x20cdf8fcf70 of 132 bytes failed: Only part of a ReadProcessMemory or WriteProcessMemory request was completed. (0x12B)
[0227/154622.082:ERROR:process_memory_win.cc(73)] ReadMemory at 0x20cdf8fd0a0 of 132 bytes failed: Only part of a ReadProcessMemory or WriteProcessMemory request was completed. (0x12B)
[0227/154622.082:ERROR:process_memory_win.cc(73)] ReadMemory at 0x20cdf8fd1d0 of 132 bytes failed: Only part of a ReadProcessMemory or WriteProcessMemory request was completed. (0x12B)
[0227/154622.082:ERROR:process_memory_win.cc(73)] ReadMemory at 0x20cdf8fd300 of 132 bytes failed: Only part of a ReadProcessMemory or WriteProcessMemory request was completed. (0x12B)
[0227/154622.082:ERROR:process_memory_win.cc(73)] ReadMemory at 0x20cdf8fd430 of 132 bytes failed: Only part of a ReadProcessMemory or WriteProcessMemory request was completed. (0x12B)
[0227/154622.082:ERROR:process_memory_win.cc(73)] ReadMemory at 0x20cdf8fd560 of 132 bytes failed: Only part of a ReadProcessMemory or WriteProcessMemory request was completed. (0x12B)
[0227/154622.082:ERROR:process_memory_win.cc(73)] ReadMemory at 0x20cdf8fd690 of 132 bytes failed: Only part of a ReadProcessMemory or WriteProcessMemory request was completed. (0x12B)
[0227/154622.082:ERROR:process_memory_win.cc(73)] ReadMemory at 0x20cdf8fd7c0 of 132 bytes failed: Only part of a ReadProcessMemory or WriteProcessMemory request was completed. (0x12B)
[0227/154622.083:ERROR:process_memory_win.cc(73)] ReadMemory at 0x20cdf8fd8f0 of 132 bytes failed: Only part of a ReadProcessMemory or WriteProcessMemory request was completed. (0x12B)
[0227/154622.083:ERROR:process_memory_win.cc(73)] ReadMemory at 0x20cdf8fda20 of 132 bytes failed: Only part of a ReadProcessMemory or WriteProcessMemory request was completed. (0x12B)
[0227/154622.083:ERROR:process_memory_win.cc(73)] ReadMemory at 0x20cdf901430 of 152 bytes failed: Only part of a ReadProcessMemory or WriteProcessMemory request was completed. (0x12B)
[0227/154622.083:ERROR:process_memory_win.cc(73)] ReadMemory at 0x20cdf905940 of 52 bytes failed: Only part of a ReadProcessMemory or WriteProcessMemory request was completed. (0x12B)
[0227/154622.083:ERROR:process_memory_win.cc(73)] ReadMemory at 0x20cdf905fa0 of 66 bytes failed: Only part of a ReadProcessMemory or WriteProcessMemory request was completed. (0x12B)
[0227/154622.083:ERROR:process_memory_win.cc(73)] ReadMemory at 0x20cdf905ff0 of 60 bytes failed: Only part of a ReadProcessMemory or WriteProcessMemory request was completed. (0x12B)
[0227/154622.083:ERROR:process_memory_win.cc(73)] ReadMemory at 0x20cdf9066d0 of 62 bytes failed: Only part of a ReadProcessMemory or WriteProcessMemory request was completed. (0x12B)
[0227/154622.083:ERROR:process_memory_win.cc(73)] ReadMemory at 0x20cdf906900 of 58 bytes failed: Only part of a ReadProcessMemory or WriteProcessMemory request was completed. (0x12B)
[0227/154622.083:ERROR:process_memory_win.cc(73)] ReadMemory at 0x20cdf906950 of 58 bytes failed: Only part of a ReadProcessMemory or WriteProcessMemory request was completed. (0x12B)
[0227/154622.083:ERROR:process_memory_win.cc(73)] ReadMemory at 0x20cdf906bd0 of 56 bytes failed: Only part of a ReadProcessMemory or WriteProcessMemory request was completed. (0x12B)
[0227/154622.083:ERROR:process_memory_win.cc(73)] ReadMemory at 0x20cdf906db0 of 62 bytes failed: Only part of a ReadProcessMemory or WriteProcessMemory request was completed. (0x12B)
[0227/154622.083:ERROR:process_memory_win.cc(73)] ReadMemory at 0x20cdf906e00 of 62 bytes failed: Only part of a ReadProcessMemory or WriteProcessMemory request was completed. (0x12B)
[0227/154622.083:ERROR:process_memory_win.cc(73)] ReadMemory at 0x20cdf906ea0 of 64 bytes failed: Only part of a ReadProcessMemory or WriteProcessMemory request was completed. (0x12B)
[0227/154622.083:ERROR:process_memory_win.cc(73)] ReadMemory at 0x20cdf908200 of 512 bytes failed: Only part of a ReadProcessMemory or WriteProcessMemory request was completed. (0x12B)
[0227/154622.083:ERROR:process_memory_win.cc(73)] ReadMemory at 0x20cdf912120 of 76 bytes failed: Only part of a ReadProcessMemory or WriteProcessMemory request was completed. (0x12B)
[0227/154622.083:ERROR:process_memory_win.cc(73)] ReadMemory at 0x20cdf9124e0 of 72 bytes failed: Only part of a ReadProcessMemory or WriteProcessMemory request was completed. (0x12B)
[0227/154622.083:ERROR:process_memory_win.cc(73)] ReadMemory at 0x20cdf91a2a0 of 62 bytes failed: Only part of a ReadProcessMemory or WriteProcessMemory request was completed. (0x12B)
[0227/154622.083:ERROR:process_memory_win.cc(73)] ReadMemory at 0x20cdf91a700 of 62 bytes failed: Only part of a ReadProcessMemory or WriteProcessMemory request was completed. (0x12B)
[0227/154622.083:ERROR:process_memory_win.cc(73)] ReadMemory at 0x20cdf91aa20 of 64 bytes failed: Only part of a ReadProcessMemory or WriteProcessMemory request was completed. (0x12B)
[0227/154622.083:ERROR:process_memory_win.cc(73)] ReadMemory at 0x20cdf91aed0 of 70 bytes failed: Only part of a ReadProcessMemory or WriteProcessMemory request was completed. (0x12B)
[0227/154622.083:ERROR:process_memory_win.cc(73)] ReadMemory at 0x20cdf91b0b0 of 58 bytes failed: Only part of a ReadProcessMemory or WriteProcessMemory request was completed. (0x12B)
[0227/154622.084:ERROR:process_memory_win.cc(73)] ReadMemory at 0x20cdf91b1f0 of 68 bytes failed: Only part of a ReadProcessMemory or WriteProcessMemory request was completed. (0x12B)
[0227/154622.084:ERROR:process_memory_win.cc(73)] ReadMemory at 0x20cdf91caa0 of 60 bytes failed: Only part of a ReadProcessMemory or WriteProcessMemory request was completed. (0x12B)
[0227/154622.084:ERROR:process_memory_win.cc(73)] ReadMemory at 0x20cdf91d9e0 of 126 bytes failed: Only part of a ReadProcessMemory or WriteProcessMemory request was completed. (0x12B)
[0227/154622.084:ERROR:process_memory_win.cc(73)] ReadMemory at 0x20cdf921f60 of 132 bytes failed: Only part of a ReadProcessMemory or WriteProcessMemory request was completed. (0x12B)
[0227/154622.084:ERROR:process_memory_win.cc(73)] ReadMemory at 0x20cdf922090 of 132 bytes failed: Only part of a ReadProcessMemory or WriteProcessMemory request was completed. (0x12B)
[0227/154622.084:ERROR:process_memory_win.cc(73)] ReadMemory at 0x20cdf9221c0 of 132 bytes failed: Only part of a ReadProcessMemory or WriteProcessMemory request was completed. (0x12B)
[0227/154622.084:ERROR:process_memory_win.cc(73)] ReadMemory at 0x20cdf9222f0 of 132 bytes failed: Only part of a ReadProcessMemory or WriteProcessMemory request was completed. (0x12B)
[0227/154622.084:ERROR:process_memory_win.cc(73)] ReadMemory at 0x20cdf922420 of 132 bytes failed: Only part of a ReadProcessMemory or WriteProcessMemory request was completed. (0x12B)
[0227/154622.084:ERROR:process_memory_win.cc(73)] ReadMemory at 0x20cdf922550 of 132 bytes failed: Only part of a ReadProcessMemory or WriteProcessMemory request was completed. (0x12B)
[0227/154622.084:ERROR:process_memory_win.cc(73)] ReadMemory at 0x20cdf922680 of 132 bytes failed: Only part of a ReadProcessMemory or WriteProcessMemory request was completed. (0x12B)
[0227/154622.084:ERROR:process_memory_win.cc(73)] ReadMemory at 0x20cdf9227b0 of 132 bytes failed: Only part of a ReadProcessMemory or WriteProcessMemory request was completed. (0x12B)
[0227/154622.084:ERROR:process_memory_win.cc(73)] ReadMemory at 0x20cdf9228e0 of 132 bytes failed: Only part of a ReadProcessMemory or WriteProcessMemory request was completed. (0x12B)
[0227/154622.084:ERROR:process_memory_win.cc(73)] ReadMemory at 0x20cdf922a10 of 132 bytes failed: Only part of a ReadProcessMemory or WriteProcessMemory request was completed. (0x12B)
[0227/154622.084:ERROR:process_memory_win.cc(73)] ReadMemory at 0x20cdf922c70 of 132 bytes failed: Only part of a ReadProcessMemory or WriteProcessMemory request was completed. (0x12B)
[0227/154622.084:ERROR:process_memory_win.cc(73)] ReadMemory at 0x20cdf922da0 of 132 bytes failed: Only part of a ReadProcessMemory or WriteProcessMemory request was completed. (0x12B)
[0227/154622.084:ERROR:process_memory_win.cc(73)] ReadMemory at 0x20cdf923000 of 132 bytes failed: Only part of a ReadProcessMemory or WriteProcessMemory request was completed. (0x12B)
[0227/154622.085:ERROR:process_memory_win.cc(73)] ReadMemory at 0x20cdf923130 of 132 bytes failed: Only part of a ReadProcessMemory or WriteProcessMemory request was completed. (0x12B)
[0227/154622.085:ERROR:process_memory_win.cc(73)] ReadMemory at 0x20cdf923260 of 132 bytes failed: Only part of a ReadProcessMemory or WriteProcessMemory request was completed. (0x12B)
[0227/154622.085:ERROR:process_memory_win.cc(73)] ReadMemory at 0x20cdf923390 of 132 bytes failed: Only part of a ReadProcessMemory or WriteProcessMemory request was completed. (0x12B)
[0227/154622.085:ERROR:process_memory_win.cc(73)] ReadMemory at 0x20cdf9235f0 of 132 bytes failed: Only part of a ReadProcessMemory or WriteProcessMemory request was completed. (0x12B)
[0227/154622.085:ERROR:process_memory_win.cc(73)] ReadMemory at 0x20cdf923720 of 132 bytes failed: Only part of a ReadProcessMemory or WriteProcessMemory request was completed. (0x12B)
[0227/154622.085:ERROR:process_memory_win.cc(73)] ReadMemory at 0x20cdf923850 of 132 bytes failed: Only part of a ReadProcessMemory or WriteProcessMemory request was completed. (0x12B)
[0227/154622.085:ERROR:process_memory_win.cc(73)] ReadMemory at 0x20cdf923980 of 132 bytes failed: Only part of a ReadProcessMemory or WriteProcessMemory request was completed. (0x12B)
[0227/154622.085:ERROR:process_memory_win.cc(73)] ReadMemory at 0x20cdf923ab0 of 132 bytes failed: Only part of a ReadProcessMemory or WriteProcessMemory request was completed. (0x12B)
[0227/154622.085:ERROR:process_memory_win.cc(73)] ReadMemory at 0x20cdf923be0 of 132 bytes failed: Only part of a ReadProcessMemory or WriteProcessMemory request was completed. (0x12B)
[0227/154622.085:ERROR:process_memory_win.cc(73)] ReadMemory at 0x20cdf923d10 of 132 bytes failed: Only part of a ReadProcessMemory or WriteProcessMemory request was completed. (0x12B)
[0227/154622.085:ERROR:process_memory_win.cc(73)] ReadMemory at 0x20cdf943410 of 58 bytes failed: Only part of a ReadProcessMemory or WriteProcessMemory request was completed. (0x12B)
[0227/154622.085:ERROR:process_memory_win.cc(73)] ReadMemory at 0x20cdf9436e0 of 60 bytes failed: Only part of a ReadProcessMemory or WriteProcessMemory request was completed. (0x12B)
[0227/154622.085:ERROR:process_memory_win.cc(73)] ReadMemory at 0x20cdf943a00 of 60 bytes failed: Only part of a ReadProcessMemory or WriteProcessMemory request was completed. (0x12B)
[0227/154622.085:ERROR:process_memory_win.cc(73)] ReadMemory at 0x20cdf943b40 of 60 bytes failed: Only part of a ReadProcessMemory or WriteProcessMemory request was completed. (0x12B)
[0227/154622.085:ERROR:process_memory_win.cc(73)] ReadMemory at 0x20cdf943d70 of 58 bytes failed: Only part of a ReadProcessMemory or WriteProcessMemory request was completed. (0x12B)
[0227/154622.085:ERROR:process_memory_win.cc(73)] ReadMemory at 0x20cdf943ea0 of 512 bytes failed: Only part of a ReadProcessMemory or WriteProcessMemory request was completed. (0x12B)
[0227/154622.085:ERROR:process_memory_win.cc(73)] ReadMemory at 0x20cdf94d3e0 of 182 bytes failed: Only part of a ReadProcessMemory or WriteProcessMemory request was completed. (0x12B)
[0227/154622.085:ERROR:process_memory_win.cc(73)] ReadMemory at 0x20cdf94eea0 of 194 bytes failed: Only part of a ReadProcessMemory or WriteProcessMemory request was completed. (0x12B)
[0227/154622.085:ERROR:process_memory_win.cc(73)] ReadMemory at 0x20cdf9bc8f0 of 62 bytes failed: Only part of a ReadProcessMemory or WriteProcessMemory request was completed. (0x12B)
[0227/154622.086:ERROR:process_memory_win.cc(73)] ReadMemory at 0x20cdf9bcad0 of 64 bytes failed: Only part of a ReadProcessMemory or WriteProcessMemory request was completed. (0x12B)
[0227/154622.086:ERROR:process_memory_win.cc(73)] ReadMemory at 0x20cdf9d27d0 of 194 bytes failed: Only part of a ReadProcessMemory or WriteProcessMemory request was completed. (0x12B)
[0227/154622.086:ERROR:process_memory_win.cc(73)] ReadMemory at 0x20cdf9dcc20 of 512 bytes failed: Only part of a ReadProcessMemory or WriteProcessMemory request was completed. (0x12B)
[0227/154622.086:ERROR:process_memory_win.cc(73)] ReadMemory at 0x20ce150fe30 of 512 bytes failed: Only part of a ReadProcessMemory or WriteProcessMemory request was completed. (0x12B)
[0227/154622.086:ERROR:process_memory_win.cc(73)] ReadMemory at 0x20ce1539be0 of 512 bytes failed: Only part of a ReadProcessMemory or WriteProcessMemory request was completed. (0x12B)
[0227/154622.086:ERROR:process_memory_win.cc(73)] ReadMemory at 0x20ce158b7f0 of 512 bytes failed: Only part of a ReadProcessMemory or WriteProcessMemory request was completed. (0x12B)
[0227/154622.086:ERROR:process_memory_win.cc(73)] ReadMemory at 0x20ce834be40 of 512 bytes failed: Only part of a ReadProcessMemory or WriteProcessMemory request was completed. (0x12B)
[0227/154622.086:ERROR:process_memory_win.cc(73)] ReadMemory at 0x20ce83566f0 of 66 bytes failed: Only part of a ReadProcessMemory or WriteProcessMemory request was completed. (0x12B)
[0227/154622.086:ERROR:process_memory_win.cc(73)] ReadMemory at 0x20ce8357280 of 62 bytes failed: Only part of a ReadProcessMemory or WriteProcessMemory request was completed. (0x12B)
[0227/154622.086:ERROR:process_memory_win.cc(73)] ReadMemory at 0x20ce8357718 of 512 bytes failed: Only part of a ReadProcessMemory or WriteProcessMemory request was completed. (0x12B)
[0227/154622.086:ERROR:process_memory_win.cc(73)] ReadMemory at 0x20ce8397fa0 of 512 bytes failed: Only part of a ReadProcessMemory or WriteProcessMemory request was completed. (0x12B)
[0227/154622.086:ERROR:process_memory_win.cc(73)] ReadMemory at 0x20ce839ea90 of 512 bytes failed: Only part of a ReadProcessMemory or WriteProcessMemory request was completed. (0x12B)
[0227/154622.086:ERROR:process_memory_win.cc(73)] ReadMemory at 0x20ce83be800 of 512 bytes failed: Only part of a ReadProcessMemory or WriteProcessMemory request was completed. (0x12B)
[0227/154622.086:ERROR:process_memory_win.cc(73)] ReadMemory at 0x20ce83beb80 of 512 bytes failed: Only part of a ReadProcessMemory or WriteProcessMemory request was completed. (0x12B)
[0227/154622.086:ERROR:process_memory_win.cc(73)] ReadMemory at 0x20ce83f2c60 of 512 bytes failed: Only part of a ReadProcessMemory or WriteProcessMemory request was completed. (0x12B)
[0227/154622.086:ERROR:process_memory_win.cc(73)] ReadMemory at 0x20ce83f2fe0 of 512 bytes failed: Only part of a ReadProcessMemory or WriteProcessMemory request was completed. (0x12B)
[0227/154622.086:ERROR:process_memory_win.cc(73)] ReadMemory at 0x20ce83f5360 of 512 bytes failed: Only part of a ReadProcessMemory or WriteProcessMemory request was completed. (0x12B)
[0227/154622.086:ERROR:process_memory_win.cc(73)] ReadMemory at 0x20ce83f7160 of 74 bytes failed: Only part of a ReadProcessMemory or WriteProcessMemory request was completed. (0x12B)
[0227/154622.086:ERROR:process_memory_win.cc(73)] ReadMemory at 0x7ffddf1e3438 of 512 bytes failed: Only part of a ReadProcessMemory or WriteProcessMemory request was completed. (0x12B)
[0227/154622.087:ERROR:process_memory_win.cc(73)] ReadMemory at 0x7ffddf5c4eb0 of 512 bytes failed: Only part of a ReadProcessMemory or WriteProcessMemory request was completed. (0x12B)
[0227/154622.087:ERROR:process_memory_win.cc(73)] ReadMemory at 0x7ffde61f036c of 512 bytes failed: Only part of a ReadProcessMemory or WriteProcessMemory request was completed. (0x12B)
[0227/154622.087:ERROR:process_memory_win.cc(73)] ReadMemory at 0x7ffdeb0ed4e0 of 512 bytes failed: Only part of a ReadProcessMemory or WriteProcessMemory request was completed. (0x12B)
[0227/154622.087:ERROR:process_memory_win.cc(73)] ReadMemory at 0x7ffe2130b6d0 of 512 bytes failed: Only part of a ReadProcessMemory or WriteProcessMemory request was completed. (0x12B)
[0227/154622.087:ERROR:process_memory_win.cc(73)] ReadMemory at 0x7ffe22459850 of 512 bytes failed: Only part of a ReadProcessMemory or WriteProcessMemory request was completed. (0x12B)
[0227/154622.087:ERROR:process_memory_win.cc(73)] ReadMemory at 0x7ffe2333c0c4 of 672 bytes failed: Only part of a ReadProcessMemory or WriteProcessMemory request was completed. (0x12B)
[0227/154622.087:ERROR:process_memory_win.cc(73)] ReadMemory at 0x7ffe2333c6c4 of 512 bytes failed: Only part of a ReadProcessMemory or WriteProcessMemory request was completed. (0x12B)
[0227/154622.087:ERROR:process_memory_win.cc(73)] ReadMemory at 0x7ffe2333cb94 of 512 bytes failed: Only part of a ReadProcessMemory or WriteProcessMemory request was completed. (0x12B)
[0227/154622.087:ERROR:process_memory_win.cc(73)] ReadMemory at 0x7ffe2333f9d4 of 512 bytes failed: Only part of a ReadProcessMemory or WriteProcessMemory request was completed. (0x12B)
[0227/154622.087:ERROR:process_memory_win.cc(73)] ReadMemory at 0x7ffe233cc428 of 18 bytes failed: Only part of a ReadProcessMemory or WriteProcessMemory request was completed. (0x12B)
[0227/154622.087:ERROR:process_memory_win.cc(73)] ReadMemory at 0x7ffe233ff4f8 of 40 bytes failed: Only part of a ReadProcessMemory or WriteProcessMemory request was completed. (0x12B)
[0227/154622.087:ERROR:process_memory_win.cc(73)] ReadMemory at 0x7ffe233ff978 of 48 bytes failed: Only part of a ReadProcessMemory or WriteProcessMemory request was completed. (0x12B)
[0227/154622.087:ERROR:process_memory_win.cc(73)] ReadMemory at 0x7ffe234053c0 of 64 bytes failed: Only part of a ReadProcessMemory or WriteProcessMemory request was completed. (0x12B)
[0227/154622.087:ERROR:process_memory_win.cc(73)] ReadMemory at 0x7ffe2341a460 of 512 bytes failed: Only part of a ReadProcessMemory or WriteProcessMemory request was completed. (0x12B)
[0227/154622.090:ERROR:scoped_process_suspend.cc(40)] NtResumeProcess: An attempt was made to access an exiting process. (0xc000010a)
[0227/155609.991:ERROR:process_reader_win.cc(123)] NtOpenThread: {Access Denied} A process has requested access to an object, but has not been granted those access rights. (0xc0000022)
[0227/155609.992:ERROR:exception_snapshot_win.cc(98)] thread ID 106592 not found in process
[0227/155609.999:ERROR:process_reader_win.cc(123)] NtOpenThread: {Access Denied} A process has requested access to an object, but has not been granted those access rights. (0xc0000022)
[0227/155609.999:ERROR:exception_snapshot_win.cc(98)] thread ID 114980 not found in process
